#! /usr/bin/vvp
:ivl_version "10.2 (stable)" "(v10_2)";
:ivl_delay_selection "TYPICAL";
:vpi_time_precision + 0;
:vpi_module "system";
:vpi_module "vhdl_sys";
:vpi_module "v2005_math";
:vpi_module "va_math";
S_0x5575aedba980 .scope module, "top" "top" 2 33;
 .timescale 0 0;
v0x5575aedefa90_0 .net "clk", 0 0, v0x5575aedb6320_0;  1 drivers
S_0x5575aedbbcf0 .scope module, "CLK" "clkGen" 2 35, 2 17 0, S_0x5575aedba980;
 .timescale 0 0;
    .port_info 0 /OUTPUT 1 "out"
v0x5575aedac890_0 .var *"_s0", 0 0; Local signal
v0x5575aedb6320_0 .var "out", 0 0;
S_0x5575aedd7900 .scope module, "CPU" "cpu" 2 36, 3 30 0, S_0x5575aedba980;
 .timescale 0 0;
    .port_info 0 /INPUT 1 "clk"
P_0x5575aedc50e0 .param/str "IM_DATA" 0 3 34, "examples_binary/ex_M1_plus_M2_to_M3.txt";
P_0x5575aedc5120 .param/l "NMEM" 0 3 33, +C4<00000000000000000000000000010100>;
L_0x7f2b442d9a38 .functor BUFT 1, C4<1>, C4<0>, C4<0>, C4<0>;
L_0x5575aee06890 .functor XNOR 1, L_0x5575aee05f40, L_0x7f2b442d9a38, C4<0>, C4<0>;
L_0x7f2b442d9018 .functor BUFT 1, C4<00000000000000000000000000000100>, C4<0>, C4<0>, C4<0>;
v0x5575aedea720_0 .net/2u *"_s0", 31 0, L_0x7f2b442d9018;  1 drivers
v0x5575aedea820_0 .net/2u *"_s144", 0 0, L_0x7f2b442d9a38;  1 drivers
v0x5575aedea900_0 .net *"_s146", 0 0, L_0x5575aee06890;  1 drivers
v0x5575aedea9a0_0 .net *"_s17", 3 0, L_0x5575aee00550;  1 drivers
v0x5575aedeaa80_0 .net *"_s19", 25 0, L_0x5575aee00640;  1 drivers
L_0x7f2b442d90a8 .functor BUFT 1, C4<00>, C4<0>, C4<0>, C4<0>;
v0x5575aedeabb0_0 .net/2u *"_s20", 1 0, L_0x7f2b442d90a8;  1 drivers
v0x5575aedeac90_0 .net *"_s25", 0 0, L_0x5575aee009c0;  1 drivers
v0x5575aedead70_0 .net *"_s26", 15 0, L_0x5575aee00a60;  1 drivers
v0x5575aedeae50_0 .net *"_s29", 15 0, L_0x5575aee00c80;  1 drivers
v0x5575aedeaf30_0 .net *"_s47", 29 0, L_0x5575aee01330;  1 drivers
L_0x7f2b442d9180 .functor BUFT 1, C4<00>, C4<0>, C4<0>, C4<0>;
v0x5575aedeb010_0 .net/2u *"_s48", 1 0, L_0x7f2b442d9180;  1 drivers
v0x5575aedeb0f0_0 .net "aluctl", 3 0, v0x5575aedda020_0;  1 drivers
v0x5575aedeb1b0_0 .net "aluop", 1 0, v0x5575aeddc510_0;  1 drivers
v0x5575aedeb270_0 .net "aluop_s3", 1 0, L_0x5575aee022f0;  1 drivers
v0x5575aedeb310_0 .net "alurslt", 31 0, v0x5575aedd9870_0;  1 drivers
v0x5575aedeb3e0_0 .net "alurslt_s4", 31 0, L_0x5575aee052f0;  1 drivers
v0x5575aedeb4b0_0 .net "alurslt_s5", 31 0, v0x5575aeddf800_0;  1 drivers
v0x5575aedeb690_0 .net "alusrc", 0 0, v0x5575aeddc610_0;  1 drivers
v0x5575aedeb760_0 .net "alusrc_data2", 31 0, L_0x5575aee032a0;  1 drivers
v0x5575aedeb830_0 .net "alusrc_s3", 0 0, L_0x5575aee02530;  1 drivers
v0x5575aedeb8d0_0 .net "baddr_s2", 31 0, L_0x5575aee01920;  1 drivers
v0x5575aedeb9a0_0 .net "baddr_s3", 31 0, v0x5575aedda8d0_0;  1 drivers
v0x5575aedeba90_0 .net "baddr_s4", 31 0, v0x5575aeddb120_0;  1 drivers
v0x5575aedebb50_0 .net "branch_eq_s2", 0 0, v0x5575aeddc6d0_0;  1 drivers
v0x5575aedebc20_0 .net "branch_eq_s3", 0 0, L_0x5575aee02820;  1 drivers
v0x5575aedebcc0_0 .net "branch_eq_s4", 0 0, L_0x5575aee05870;  1 drivers
v0x5575aedebd60_0 .net "branch_ne_s2", 0 0, v0x5575aeddc770_0;  1 drivers
v0x5575aedebe30_0 .net "branch_ne_s3", 0 0, L_0x5575aee028c0;  1 drivers
v0x5575aedebed0_0 .net "branch_ne_s4", 0 0, L_0x5575aee05a90;  1 drivers
v0x5575aedebf90_0 .net "clk", 0 0, v0x5575aedb6320_0;  alias, 1 drivers
v0x5575aedec030_0 .var "clock_counter", 5 0;
v0x5575aedec110_0 .net "data1", 31 0, v0x5575aede8090_0;  1 drivers
v0x5575aedec200_0 .net "data1_s3", 31 0, L_0x5575aee01020;  1 drivers
v0x5575aedec4d0_0 .net "data2", 31 0, v0x5575aede8190_0;  1 drivers
v0x5575aedec5c0_0 .net "data2_s3", 31 0, L_0x5575aee01150;  1 drivers
v0x5575aedec680_0 .net "data2_s4", 31 0, v0x5575aede0000_0;  1 drivers
v0x5575aedec790_0 .var "flush_s1", 0 0;
v0x5575aedec880_0 .var "flush_s2", 0 0;
v0x5575aedec920_0 .var "flush_s3", 0 0;
v0x5575aedec9c0_0 .var "forward_a", 1 0;
v0x5575aedecaa0_0 .var "forward_b", 1 0;
v0x5575aedecb80_0 .net "funct", 5 0, L_0x5575aee03580;  1 drivers
v0x5575aedecc40_0 .var "fw_data1_s3", 31 0;
v0x5575aedecce0_0 .var "fw_data2_s3", 31 0;
v0x5575aedecdb0_0 .net "imm", 15 0, L_0x5575aee003d0;  1 drivers
v0x5575aedece70_0 .net "inst", 31 0, L_0x5575aed0fc40;  1 drivers
v0x5575aedecf80_0 .net "inst_s2", 31 0, v0x5575aede95c0_0;  1 drivers
v0x5575aeded040_0 .net "jaddr_s2", 31 0, L_0x5575aee007f0;  1 drivers
v0x5575aeded110_0 .net "jaddr_s3", 31 0, v0x5575aede0810_0;  1 drivers
v0x5575aeded200_0 .net "jaddr_s4", 31 0, v0x5575aede1020_0;  1 drivers
v0x5575aeded2c0_0 .net "jump_s2", 0 0, v0x5575aeddc830_0;  1 drivers
v0x5575aeded3b0_0 .net "jump_s3", 0 0, v0x5575aede17c0_0;  1 drivers
v0x5575aeded4a0_0 .net "jump_s4", 0 0, v0x5575aede1fb0_0;  1 drivers
v0x5575aeded540_0 .net "memread", 0 0, v0x5575aeddc940_0;  1 drivers
v0x5575aeded5e0_0 .net "memread_s3", 0 0, L_0x5575aee01ef0;  1 drivers
v0x5575aeded680_0 .net "memread_s4", 0 0, L_0x5575aee02ef0;  1 drivers
v0x5575aeded750_0 .net "memtoreg", 0 0, v0x5575aeddca00_0;  1 drivers
v0x5575aeded820_0 .net "memtoreg_s3", 0 0, L_0x5575aee02160;  1 drivers
v0x5575aeded8c0_0 .net "memtoreg_s4", 0 0, L_0x5575aee029b0;  1 drivers
v0x5575aeded960_0 .net "memtoreg_s5", 0 0, L_0x5575aee05f40;  1 drivers
v0x5575aededa00_0 .net "memwrite", 0 0, v0x5575aeddcac0_0;  1 drivers
v0x5575aededad0_0 .net "memwrite_s3", 0 0, L_0x5575aee020c0;  1 drivers
v0x5575aededb70_0 .net "memwrite_s4", 0 0, L_0x5575aee03120;  1 drivers
v0x5575aededc40_0 .net "opcode", 5 0, L_0x5575aee00030;  1 drivers
v0x5575aededd10_0 .var "pc", 31 0;
v0x5575aedee1f0_0 .net "pc4", 31 0, L_0x5575aedffb40;  1 drivers
v0x5575aedee2c0_0 .net "pc4_s2", 31 0, v0x5575aede9d70_0;  1 drivers
v0x5575aedee3b0_0 .net "pc4_s3", 31 0, v0x5575aede28c0_0;  1 drivers
v0x5575aedee450_0 .var "pcsrc", 0 0;
v0x5575aedee4f0_0 .net "rd", 4 0, L_0x5575aee00330;  1 drivers
v0x5575aedee5d0_0 .net "rd_s3", 4 0, L_0x5575aee014a0;  1 drivers
v0x5575aedee6b0_0 .net "rdata", 31 0, L_0x5575aee063e0;  1 drivers
v0x5575aedee7c0_0 .net "rdata_s5", 31 0, v0x5575aede30f0_0;  1 drivers
v0x5575aedee880_0 .net "regdst", 0 0, v0x5575aeddccf0_0;  1 drivers
v0x5575aedee950_0 .net "regdst_s3", 0 0, L_0x5575aee01e50;  1 drivers
v0x5575aedee9f0_0 .net "regwrite", 0 0, v0x5575aeddcdb0_0;  1 drivers
v0x5575aedeeac0_0 .net "regwrite_s3", 0 0, L_0x5575aee02390;  1 drivers
v0x5575aedeeb60_0 .net "regwrite_s4", 0 0, L_0x5575aee02d20;  1 drivers
v0x5575aedeec00_0 .net "regwrite_s5", 0 0, L_0x5575aee05e50;  1 drivers
v0x5575aedeecd0_0 .net "rs", 4 0, L_0x5575aee00170;  1 drivers
v0x5575aedeedc0_0 .net "rs_s3", 4 0, v0x5575aedea590_0;  1 drivers
v0x5575aedeee80_0 .net "rt", 4 0, L_0x5575aee00210;  1 drivers
v0x5575aedeef50_0 .net "rt_s3", 4 0, L_0x5575aee013d0;  1 drivers
v0x5575aedef010_0 .net "seimm", 31 0, L_0x5575aee00d20;  1 drivers
v0x5575aedef100_0 .net "seimm_s3", 31 0, v0x5575aede5870_0;  1 drivers
v0x5575aedef1d0_0 .net "seimm_sl2", 31 0, L_0x5575aee016f0;  1 drivers
v0x5575aedef290_0 .net "shamt", 4 0, L_0x5575aee004b0;  1 drivers
v0x5575aedef370_0 .var "stall_s1_s2", 0 0;
v0x5575aedef520_0 .net "wrdata_s5", 31 0, L_0x5575aee069d0;  1 drivers
v0x5575aedef610_0 .net "wrreg", 4 0, L_0x5575aee053e0;  1 drivers
v0x5575aedef6e0_0 .net "wrreg_s4", 4 0, v0x5575aede68b0_0;  1 drivers
v0x5575aedef7d0_0 .net "wrreg_s5", 4 0, v0x5575aede70e0_0;  1 drivers
v0x5575aedef8e0_0 .net "zero_s3", 0 0, L_0x5575aee03670;  1 drivers
v0x5575aedef9d0_0 .net "zero_s4", 0 0, v0x5575aede78f0_0;  1 drivers
E_0x5575aed219b0 .event edge, v0x5575aeded5e0_0, v0x5575aede8ad0_0, v0x5575aedeef50_0, v0x5575aede89f0_0;
E_0x5575aed22430/0 .event edge, v0x5575aedeeb60_0, v0x5575aede68b0_0, v0x5575aedea590_0, v0x5575aede8bb0_0;
E_0x5575aed22430/1 .event edge, v0x5575aede70e0_0, v0x5575aedeef50_0;
E_0x5575aed22430 .event/or E_0x5575aed22430/0, E_0x5575aed22430/1;
E_0x5575aed22710 .event edge, v0x5575aede78f0_0, v0x5575aedebcc0_0, v0x5575aedebed0_0;
E_0x5575aed21e50 .event edge, v0x5575aedecaa0_0, v0x5575aeddf740_0, v0x5575aede8c70_0, v0x5575aedec5c0_0;
E_0x5575aed21bb0 .event edge, v0x5575aedec9c0_0, v0x5575aeddf740_0, v0x5575aede8c70_0, v0x5575aedec200_0;
E_0x5575aedc5200 .event edge, v0x5575aedee450_0, v0x5575aede1fb0_0;
L_0x5575aedffb40 .arith/sum 32, v0x5575aededd10_0, L_0x7f2b442d9018;
L_0x5575aee00030 .part v0x5575aede95c0_0, 26, 6;
L_0x5575aee00170 .part v0x5575aede95c0_0, 21, 5;
L_0x5575aee00210 .part v0x5575aede95c0_0, 16, 5;
L_0x5575aee00330 .part v0x5575aede95c0_0, 11, 5;
L_0x5575aee003d0 .part v0x5575aede95c0_0, 0, 16;
L_0x5575aee004b0 .part v0x5575aede95c0_0, 6, 5;
L_0x5575aee00550 .part v0x5575aededd10_0, 28, 4;
L_0x5575aee00640 .part v0x5575aede95c0_0, 0, 26;
L_0x5575aee007f0 .concat [ 2 26 4 0], L_0x7f2b442d90a8, L_0x5575aee00640, L_0x5575aee00550;
L_0x5575aee009c0 .part v0x5575aede95c0_0, 15, 1;
LS_0x5575aee00a60_0_0 .concat [ 1 1 1 1], L_0x5575aee009c0, L_0x5575aee009c0, L_0x5575aee009c0, L_0x5575aee009c0;
LS_0x5575aee00a60_0_4 .concat [ 1 1 1 1], L_0x5575aee009c0, L_0x5575aee009c0, L_0x5575aee009c0, L_0x5575aee009c0;
LS_0x5575aee00a60_0_8 .concat [ 1 1 1 1], L_0x5575aee009c0, L_0x5575aee009c0, L_0x5575aee009c0, L_0x5575aee009c0;
LS_0x5575aee00a60_0_12 .concat [ 1 1 1 1], L_0x5575aee009c0, L_0x5575aee009c0, L_0x5575aee009c0, L_0x5575aee009c0;
L_0x5575aee00a60 .concat [ 4 4 4 4], LS_0x5575aee00a60_0_0, LS_0x5575aee00a60_0_4, LS_0x5575aee00a60_0_8, LS_0x5575aee00a60_0_12;
L_0x5575aee00c80 .part v0x5575aede95c0_0, 0, 16;
L_0x5575aee00d20 .concat [ 16 16 0 0], L_0x5575aee00c80, L_0x5575aee00a60;
L_0x5575aee00f80 .concat [ 32 32 0 0], v0x5575aede8190_0, v0x5575aede8090_0;
L_0x5575aee01020 .part v0x5575aede48e0_0, 32, 32;
L_0x5575aee01150 .part v0x5575aede48e0_0, 0, 32;
L_0x5575aee01240 .concat [ 5 5 0 0], L_0x5575aee00330, L_0x5575aee00210;
L_0x5575aee013d0 .part v0x5575aede5090_0, 5, 5;
L_0x5575aee014a0 .part v0x5575aede5090_0, 0, 5;
L_0x5575aee01330 .part L_0x5575aee00d20, 0, 30;
L_0x5575aee016f0 .concat [ 2 30 0 0], L_0x7f2b442d9180, L_0x5575aee01330;
L_0x5575aee01920 .arith/sum 32, v0x5575aede9d70_0, L_0x5575aee016f0;
LS_0x5575aee01a60_0_0 .concat [ 1 1 2 1], v0x5575aeddc610_0, v0x5575aeddcdb0_0, v0x5575aeddc510_0, v0x5575aeddca00_0;
LS_0x5575aee01a60_0_4 .concat [ 1 1 1 0], v0x5575aeddcac0_0, v0x5575aeddc940_0, v0x5575aeddccf0_0;
L_0x5575aee01a60 .concat [ 5 3 0 0], LS_0x5575aee01a60_0_0, LS_0x5575aee01a60_0_4;
L_0x5575aee01e50 .part v0x5575aede4100_0, 7, 1;
L_0x5575aee01ef0 .part v0x5575aede4100_0, 6, 1;
L_0x5575aee020c0 .part v0x5575aede4100_0, 5, 1;
L_0x5575aee02160 .part v0x5575aede4100_0, 4, 1;
L_0x5575aee022f0 .part v0x5575aede4100_0, 2, 2;
L_0x5575aee02390 .part v0x5575aede4100_0, 1, 1;
L_0x5575aee02530 .part v0x5575aede4100_0, 0, 1;
L_0x5575aee025d0 .concat [ 1 1 0 0], v0x5575aeddc770_0, v0x5575aeddc6d0_0;
L_0x5575aee02820 .part v0x5575aeddb930_0, 1, 1;
L_0x5575aee028c0 .part v0x5575aeddb930_0, 0, 1;
L_0x5575aee02b30 .concat [ 1 1 1 1], L_0x5575aee020c0, L_0x5575aee01ef0, L_0x5575aee02160, L_0x5575aee02390;
L_0x5575aee02d20 .part v0x5575aede60b0_0, 3, 1;
L_0x5575aee029b0 .part v0x5575aede60b0_0, 2, 1;
L_0x5575aee02ef0 .part v0x5575aede60b0_0, 1, 1;
L_0x5575aee03120 .part v0x5575aede60b0_0, 0, 1;
L_0x5575aee032a0 .functor MUXZ 32, v0x5575aedecce0_0, v0x5575aede5870_0, L_0x5575aee02530, C4<>;
L_0x5575aee03580 .part v0x5575aede5870_0, 0, 6;
L_0x5575aee04e10 .concat [ 32 0 0 0], v0x5575aedd9870_0;
L_0x5575aee052f0 .part v0x5575aeddefe0_0, 0, 32;
L_0x5575aee053e0 .functor MUXZ 5, L_0x5575aee013d0, L_0x5575aee014a0, L_0x5575aee01e50, C4<>;
L_0x5575aee05730 .concat [ 1 1 0 0], L_0x5575aee028c0, L_0x5575aee02820;
L_0x5575aee05870 .part v0x5575aeddc140_0, 1, 1;
L_0x5575aee05a90 .part v0x5575aeddc140_0, 0, 1;
L_0x5575aee05b80 .concat [ 1 1 0 0], L_0x5575aee029b0, L_0x5575aee02d20;
L_0x5575aee05e50 .part v0x5575aede38f0_0, 1, 1;
L_0x5575aee05f40 .part v0x5575aede38f0_0, 0, 1;
L_0x5575aee064d0 .part L_0x5575aee052f0, 2, 7;
L_0x5575aee069d0 .functor MUXZ 32, v0x5575aeddf800_0, v0x5575aede30f0_0, L_0x5575aee06890, C4<>;
S_0x5575aedd7dd0 .scope module, "alu1" "alu" 3 275, 4 6 0, S_0x5575aedd7900;
 .timescale 0 0;
    .port_info 0 /INPUT 4 "ctl"
    .port_info 1 /INPUT 32 "a"
    .port_info 2 /INPUT 32 "b"
    .port_info 3 /OUTPUT 32 "out"
    .port_info 4 /OUTPUT 1 "zero"
L_0x5575aed2be90 .functor XNOR 1, L_0x5575aee039d0, L_0x5575aee03b00, C4<0>, C4<0>;
L_0x5575aed2bf80 .functor XOR 1, L_0x5575aee03ba0, L_0x5575aee03cd0, C4<0>, C4<0>;
L_0x5575aed2e370 .functor AND 1, L_0x5575aed2be90, L_0x5575aed2bf80, C4<1>, C4<1>;
L_0x5575aed2e260 .functor XNOR 1, L_0x5575aee04180, L_0x5575aee04280, C4<0>, C4<0>;
L_0x5575aedb8900 .functor XOR 1, L_0x5575aee04370, L_0x5575aee044d0, C4<0>, C4<0>;
L_0x5575aee04610 .functor AND 1, L_0x5575aed2e260, L_0x5575aedb8900, C4<1>, C4<1>;
L_0x5575aee04460 .functor NOT 1, L_0x5575aee04d70, C4<0>, C4<0>, C4<0>;
L_0x7f2b442d9378 .functor BUFT 1, C4<00000000000000000000000000000000>, C4<0>, C4<0>, C4<0>;
v0x5575aedab540_0 .net/2u *"_s0", 31 0, L_0x7f2b442d9378;  1 drivers
v0x5575aedb4a70_0 .net *"_s11", 0 0, L_0x5575aee03b00;  1 drivers
v0x5575aedae570_0 .net *"_s12", 0 0, L_0x5575aed2be90;  1 drivers
v0x5575aed99410_0 .net *"_s15", 0 0, L_0x5575aee03ba0;  1 drivers
v0x5575aedaf9a0_0 .net *"_s17", 0 0, L_0x5575aee03cd0;  1 drivers
v0x5575aedd8110_0 .net *"_s18", 0 0, L_0x5575aed2bf80;  1 drivers
v0x5575aedd81d0_0 .net *"_s20", 0 0, L_0x5575aed2e370;  1 drivers
L_0x7f2b442d93c0 .functor BUFT 1, C4<01>, C4<0>, C4<0>, C4<0>;
v0x5575aedd8290_0 .net/2s *"_s22", 1 0, L_0x7f2b442d93c0;  1 drivers
L_0x7f2b442d9408 .functor BUFT 1, C4<00>, C4<0>, C4<0>, C4<0>;
v0x5575aedd8370_0 .net/2s *"_s24", 1 0, L_0x7f2b442d9408;  1 drivers
v0x5575aedd8450_0 .net *"_s26", 1 0, L_0x5575aee03eb0;  1 drivers
v0x5575aedd8530_0 .net *"_s31", 0 0, L_0x5575aee04180;  1 drivers
v0x5575aedd8610_0 .net *"_s33", 0 0, L_0x5575aee04280;  1 drivers
v0x5575aedd86f0_0 .net *"_s34", 0 0, L_0x5575aed2e260;  1 drivers
v0x5575aedd87b0_0 .net *"_s37", 0 0, L_0x5575aee04370;  1 drivers
v0x5575aedd8890_0 .net *"_s39", 0 0, L_0x5575aee044d0;  1 drivers
v0x5575aedd8970_0 .net *"_s40", 0 0, L_0x5575aedb8900;  1 drivers
v0x5575aedd8a30_0 .net *"_s42", 0 0, L_0x5575aee04610;  1 drivers
L_0x7f2b442d9450 .functor BUFT 1, C4<01>, C4<0>, C4<0>, C4<0>;
v0x5575aedd8af0_0 .net/2s *"_s44", 1 0, L_0x7f2b442d9450;  1 drivers
L_0x7f2b442d9498 .functor BUFT 1, C4<00>, C4<0>, C4<0>, C4<0>;
v0x5575aedd8bd0_0 .net/2s *"_s46", 1 0, L_0x7f2b442d9498;  1 drivers
v0x5575aedd8cb0_0 .net *"_s48", 1 0, L_0x5575aee04760;  1 drivers
L_0x7f2b442d94e0 .functor BUFT 1, C4<0010>, C4<0>, C4<0>, C4<0>;
v0x5575aedd8d90_0 .net/2u *"_s52", 3 0, L_0x7f2b442d94e0;  1 drivers
v0x5575aedd8e70_0 .net *"_s54", 0 0, L_0x5575aee04a60;  1 drivers
v0x5575aedd8f30_0 .net *"_s59", 0 0, L_0x5575aee04d70;  1 drivers
v0x5575aedd9010_0 .net *"_s60", 0 0, L_0x5575aee04460;  1 drivers
v0x5575aedd90f0_0 .net *"_s63", 0 0, L_0x5575aee04f00;  1 drivers
v0x5575aedd91d0_0 .net *"_s9", 0 0, L_0x5575aee039d0;  1 drivers
v0x5575aedd92b0_0 .net "a", 31 0, v0x5575aedecc40_0;  1 drivers
v0x5575aedd9390_0 .net "add_ab", 31 0, L_0x5575aee038a0;  1 drivers
v0x5575aedd9470_0 .net "b", 31 0, L_0x5575aee032a0;  alias, 1 drivers
v0x5575aedd9550_0 .net "ctl", 3 0, v0x5575aedda020_0;  alias, 1 drivers
v0x5575aedd9630_0 .net "oflow", 0 0, L_0x5575aee04be0;  1 drivers
v0x5575aedd96f0_0 .net "oflow_add", 0 0, L_0x5575aee04090;  1 drivers
v0x5575aedd97b0_0 .net "oflow_sub", 0 0, L_0x5575aee04970;  1 drivers
v0x5575aedd9870_0 .var "out", 31 0;
v0x5575aedd9950_0 .net "slt", 0 0, L_0x5575aee04fa0;  1 drivers
v0x5575aedd9a10_0 .net "sub_ab", 31 0, L_0x5575aee037b0;  1 drivers
v0x5575aedd9af0_0 .net "zero", 0 0, L_0x5575aee03670;  alias, 1 drivers
E_0x5575aedd7f50/0 .event edge, v0x5575aedd9550_0, v0x5575aedd9390_0, v0x5575aedd92b0_0, v0x5575aedd9470_0;
E_0x5575aedd7f50/1 .event edge, v0x5575aedd9950_0, v0x5575aedd9a10_0;
E_0x5575aedd7f50 .event/or E_0x5575aedd7f50/0, E_0x5575aedd7f50/1;
L_0x5575aee03670 .cmp/eq 32, L_0x7f2b442d9378, v0x5575aedd9870_0;
L_0x5575aee037b0 .arith/sub 32, v0x5575aedecc40_0, L_0x5575aee032a0;
L_0x5575aee038a0 .arith/sum 32, v0x5575aedecc40_0, L_0x5575aee032a0;
L_0x5575aee039d0 .part v0x5575aedecc40_0, 31, 1;
L_0x5575aee03b00 .part L_0x5575aee032a0, 31, 1;
L_0x5575aee03ba0 .part L_0x5575aee038a0, 31, 1;
L_0x5575aee03cd0 .part v0x5575aedecc40_0, 31, 1;
L_0x5575aee03eb0 .functor MUXZ 2, L_0x7f2b442d9408, L_0x7f2b442d93c0, L_0x5575aed2e370, C4<>;
L_0x5575aee04090 .part L_0x5575aee03eb0, 0, 1;
L_0x5575aee04180 .part v0x5575aedecc40_0, 31, 1;
L_0x5575aee04280 .part L_0x5575aee032a0, 31, 1;
L_0x5575aee04370 .part L_0x5575aee037b0, 31, 1;
L_0x5575aee044d0 .part v0x5575aedecc40_0, 31, 1;
L_0x5575aee04760 .functor MUXZ 2, L_0x7f2b442d9498, L_0x7f2b442d9450, L_0x5575aee04610, C4<>;
L_0x5575aee04970 .part L_0x5575aee04760, 0, 1;
L_0x5575aee04a60 .cmp/eq 4, v0x5575aedda020_0, L_0x7f2b442d94e0;
L_0x5575aee04be0 .functor MUXZ 1, L_0x5575aee04970, L_0x5575aee04090, L_0x5575aee04a60, C4<>;
L_0x5575aee04d70 .part v0x5575aedecc40_0, 31, 1;
L_0x5575aee04f00 .part v0x5575aedecc40_0, 31, 1;
L_0x5575aee04fa0 .functor MUXZ 1, L_0x5575aee04f00, L_0x5575aee04460, L_0x5575aee04970, C4<>;
S_0x5575aedd9c50 .scope module, "alu_ctl1" "alu_control" 3 264, 5 4 0, S_0x5575aedd7900;
 .timescale 0 0;
    .port_info 0 /INPUT 6 "funct"
    .port_info 1 /INPUT 2 "aluop"
    .port_info 2 /OUTPUT 4 "aluctl"
v0x5575aedd9f20_0 .var "_funct", 3 0;
v0x5575aedda020_0 .var "aluctl", 3 0;
v0x5575aedda0e0_0 .net "aluop", 1 0, L_0x5575aee022f0;  alias, 1 drivers
v0x5575aedda180_0 .net "funct", 5 0, L_0x5575aee03580;  alias, 1 drivers
E_0x5575aedd9e40 .event edge, v0x5575aedda0e0_0, v0x5575aedd9f20_0;
E_0x5575aedd9ec0 .event edge, v0x5575aedda180_0;
S_0x5575aedda2e0 .scope module, "baddr_s2_s3" "regr" 3 230, 6 31 0, S_0x5575aedd7900;
 .timescale 0 0;
    .port_info 0 /INPUT 1 "clk"
    .port_info 1 /INPUT 1 "clear"
    .port_info 2 /INPUT 1 "hold"
    .port_info 3 /INPUT 32 "in"
    .port_info 4 /OUTPUT 32 "out"
P_0x5575aedda4b0 .param/l "N" 0 6 38, +C4<00000000000000000000000000100000>;
v0x5575aedda5b0_0 .net "clear", 0 0, v0x5575aedec880_0;  1 drivers
v0x5575aedda670_0 .net "clk", 0 0, v0x5575aedb6320_0;  alias, 1 drivers
L_0x7f2b442d9258 .functor BUFT 1, C4<0>, C4<0>, C4<0>, C4<0>;
v0x5575aedda760_0 .net "hold", 0 0, L_0x7f2b442d9258;  1 drivers
v0x5575aedda830_0 .net "in", 31 0, L_0x5575aee01920;  alias, 1 drivers
v0x5575aedda8d0_0 .var "out", 31 0;
E_0x5575aedda550 .event posedge, v0x5575aedb6320_0;
S_0x5575aeddaaa0 .scope module, "baddr_s3_s4" "regr" 3 313, 6 31 0, S_0x5575aedd7900;
 .timescale 0 0;
    .port_info 0 /INPUT 1 "clk"
    .port_info 1 /INPUT 1 "clear"
    .port_info 2 /INPUT 1 "hold"
    .port_info 3 /INPUT 32 "in"
    .port_info 4 /OUTPUT 32 "out"
P_0x5575aeddac70 .param/l "N" 0 6 38, +C4<00000000000000000000000000100000>;
v0x5575aeddadc0_0 .net "clear", 0 0, v0x5575aedec920_0;  1 drivers
v0x5575aeddaea0_0 .net "clk", 0 0, v0x5575aedb6320_0;  alias, 1 drivers
L_0x7f2b442d96d8 .functor BUFT 1, C4<0>, C4<0>, C4<0>, C4<0>;
v0x5575aeddafb0_0 .net "hold", 0 0, L_0x7f2b442d96d8;  1 drivers
v0x5575aeddb050_0 .net "in", 31 0, v0x5575aedda8d0_0;  alias, 1 drivers
v0x5575aeddb120_0 .var "out", 31 0;
S_0x5575aeddb2d0 .scope module, "branch_s2_s3" "regr" 3 225, 6 31 0, S_0x5575aedd7900;
 .timescale 0 0;
    .port_info 0 /INPUT 1 "clk"
    .port_info 1 /INPUT 1 "clear"
    .port_info 2 /INPUT 1 "hold"
    .port_info 3 /INPUT 2 "in"
    .port_info 4 /OUTPUT 2 "out"
P_0x5575aeddb4f0 .param/l "N" 0 6 38, +C4<00000000000000000000000000000010>;
v0x5575aeddb610_0 .net "clear", 0 0, v0x5575aedec880_0;  alias, 1 drivers
v0x5575aeddb700_0 .net "clk", 0 0, v0x5575aedb6320_0;  alias, 1 drivers
L_0x7f2b442d9210 .functor BUFT 1, C4<0>, C4<0>, C4<0>, C4<0>;
v0x5575aeddb7a0_0 .net "hold", 0 0, L_0x7f2b442d9210;  1 drivers
v0x5575aeddb870_0 .net "in", 1 0, L_0x5575aee025d0;  1 drivers
v0x5575aeddb930_0 .var "out", 1 0;
S_0x5575aeddbb00 .scope module, "branch_s3_s4" "regr" 3 308, 6 31 0, S_0x5575aedd7900;
 .timescale 0 0;
    .port_info 0 /INPUT 1 "clk"
    .port_info 1 /INPUT 1 "clear"
    .port_info 2 /INPUT 1 "hold"
    .port_info 3 /INPUT 2 "in"
    .port_info 4 /OUTPUT 2 "out"
P_0x5575aeddbcd0 .param/l "N" 0 6 38, +C4<00000000000000000000000000000010>;
v0x5575aeddbe20_0 .net "clear", 0 0, v0x5575aedec920_0;  alias, 1 drivers
v0x5575aeddbf10_0 .net "clk", 0 0, v0x5575aedb6320_0;  alias, 1 drivers
L_0x7f2b442d9690 .functor BUFT 1, C4<0>, C4<0>, C4<0>, C4<0>;
v0x5575aeddbfb0_0 .net "hold", 0 0, L_0x7f2b442d9690;  1 drivers
v0x5575aeddc080_0 .net "in", 1 0, L_0x5575aee05730;  1 drivers
v0x5575aeddc140_0 .var "out", 1 0;
S_0x5575aeddc2c0 .scope module, "ctl1" "control" 3 194, 7 4 0, S_0x5575aedd7900;
 .timescale 0 0;
    .port_info 0 /INPUT 6 "opcode"
    .port_info 1 /OUTPUT 1 "branch_eq"
    .port_info 2 /OUTPUT 1 "branch_ne"
    .port_info 3 /OUTPUT 2 "aluop"
    .port_info 4 /OUTPUT 1 "memread"
    .port_info 5 /OUTPUT 1 "memwrite"
    .port_info 6 /OUTPUT 1 "memtoreg"
    .port_info 7 /OUTPUT 1 "regdst"
    .port_info 8 /OUTPUT 1 "regwrite"
    .port_info 9 /OUTPUT 1 "alusrc"
    .port_info 10 /OUTPUT 1 "jump"
v0x5575aeddc510_0 .var "aluop", 1 0;
v0x5575aeddc610_0 .var "alusrc", 0 0;
v0x5575aeddc6d0_0 .var "branch_eq", 0 0;
v0x5575aeddc770_0 .var "branch_ne", 0 0;
v0x5575aeddc830_0 .var "jump", 0 0;
v0x5575aeddc940_0 .var "memread", 0 0;
v0x5575aeddca00_0 .var "memtoreg", 0 0;
v0x5575aeddcac0_0 .var "memwrite", 0 0;
v0x5575aeddcb80_0 .net "opcode", 5 0, L_0x5575aee00030;  alias, 1 drivers
v0x5575aeddccf0_0 .var "regdst", 0 0;
v0x5575aeddcdb0_0 .var "regwrite", 0 0;
E_0x5575aeddc490 .event edge, v0x5575aeddcb80_0;
S_0x5575aeddcfd0 .scope module, "dm1" "dm" 3 336, 8 21 0, S_0x5575aedd7900;
 .timescale 0 0;
    .port_info 0 /INPUT 1 "clk"
    .port_info 1 /INPUT 7 "addr"
    .port_info 2 /INPUT 1 "rd"
    .port_info 3 /INPUT 1 "wr"
    .port_info 4 /INPUT 32 "wdata"
    .port_info 5 /OUTPUT 32 "rdata"
P_0x5575aeddd150 .param/l "NMEM" 0 8 28, +C4<00000000000000000000000000010100>;
P_0x5575aeddd190 .param/str "RM_DATA" 0 8 30, "dm_data.txt";
v0x5575aeddd410_0 .net *"_s0", 31 0, L_0x5575aee061d0;  1 drivers
v0x5575aeddd510_0 .net *"_s2", 8 0, L_0x5575aee06270;  1 drivers
L_0x7f2b442d9840 .functor BUFT 1, C4<00>, C4<0>, C4<0>, C4<0>;
v0x5575aeddd5f0_0 .net *"_s5", 1 0, L_0x7f2b442d9840;  1 drivers
v0x5575aeddd6e0_0 .net "addr", 6 0, L_0x5575aee064d0;  1 drivers
v0x5575aeddd7c0_0 .net "clk", 0 0, v0x5575aedb6320_0;  alias, 1 drivers
v0x5575aeddd8b0 .array "mem", 127 0, 31 0;
v0x5575aeddd970_0 .net "rd", 0 0, L_0x5575aee02ef0;  alias, 1 drivers
v0x5575aeddda30_0 .net "rdata", 31 0, L_0x5575aee063e0;  alias, 1 drivers
v0x5575aedddb10_0 .net "wdata", 31 0, v0x5575aede0000_0;  alias, 1 drivers
v0x5575aedddbf0_0 .net "wr", 0 0, L_0x5575aee03120;  alias, 1 drivers
L_0x5575aee061d0 .array/port v0x5575aeddd8b0, L_0x5575aee06270;
L_0x5575aee06270 .concat [ 7 2 0 0], L_0x5575aee064d0, L_0x7f2b442d9840;
L_0x5575aee063e0 .functor MUXZ 32, L_0x5575aee061d0, v0x5575aede0000_0, L_0x5575aee03120, C4<>;
S_0x5575aeddddb0 .scope module, "im1" "im" 3 122, 9 24 0, S_0x5575aedd7900;
 .timescale 0 0;
    .port_info 0 /INPUT 1 "clk"
    .port_info 1 /INPUT 32 "addr"
    .port_info 2 /OUTPUT 32 "data"
P_0x5575aedddfc0 .param/str "IM_DATA" 0 9 31, "examples_binary/ex_M1_plus_M2_to_M3.txt";
P_0x5575aedde000 .param/l "NMEM" 0 9 29, +C4<00000000000000000000000000010100>;
L_0x5575aed0fc40 .functor BUFZ 32, L_0x5575aedffcf0, C4<00000000000000000000000000000000>, C4<00000000000000000000000000000000>, C4<00000000000000000000000000000000>;
v0x5575aedde260_0 .net *"_s0", 31 0, L_0x5575aedffcf0;  1 drivers
v0x5575aedde360_0 .net *"_s3", 6 0, L_0x5575aedffdb0;  1 drivers
v0x5575aedde440_0 .net *"_s4", 8 0, L_0x5575aedffe50;  1 drivers
L_0x7f2b442d9060 .functor BUFT 1, C4<00>, C4<0>, C4<0>, C4<0>;
v0x5575aedde530_0 .net *"_s7", 1 0, L_0x7f2b442d9060;  1 drivers
v0x5575aedde610_0 .net "addr", 31 0, v0x5575aededd10_0;  1 drivers
v0x5575aedde6f0_0 .net "clk", 0 0, v0x5575aedb6320_0;  alias, 1 drivers
v0x5575aedde790_0 .net "data", 31 0, L_0x5575aed0fc40;  alias, 1 drivers
v0x5575aedde870 .array "mem", 127 0, 31 0;
L_0x5575aedffcf0 .array/port v0x5575aedde870, L_0x5575aedffe50;
L_0x5575aedffdb0 .part v0x5575aededd10_0, 2, 7;
L_0x5575aedffe50 .concat [ 7 2 0 0], L_0x5575aedffdb0, L_0x7f2b442d9060;
S_0x5575aedde9b0 .scope module, "reg_alurslt" "regr" 3 283, 6 31 0, S_0x5575aedd7900;
 .timescale 0 0;
    .port_info 0 /INPUT 1 "clk"
    .port_info 1 /INPUT 1 "clear"
    .port_info 2 /INPUT 1 "hold"
    .port_info 3 /INPUT 32 "in"
    .port_info 4 /OUTPUT 32 "out"
P_0x5575aeddeb80 .param/l "N" 0 6 38, +C4<00000000000000000000000000100000>;
v0x5575aeddecd0_0 .net "clear", 0 0, v0x5575aedec920_0;  alias, 1 drivers
v0x5575aeddedc0_0 .net "clk", 0 0, v0x5575aedb6320_0;  alias, 1 drivers
L_0x7f2b442d95b8 .functor BUFT 1, C4<0>, C4<0>, C4<0>, C4<0>;
v0x5575aeddee80_0 .net "hold", 0 0, L_0x7f2b442d95b8;  1 drivers
v0x5575aeddef20_0 .net "in", 31 0, L_0x5575aee04e10;  1 drivers
v0x5575aeddefe0_0 .var "out", 31 0;
S_0x5575aeddf1b0 .scope module, "reg_alurslt_s4" "regr" 3 346, 6 31 0, S_0x5575aedd7900;
 .timescale 0 0;
    .port_info 0 /INPUT 1 "clk"
    .port_info 1 /INPUT 1 "clear"
    .port_info 2 /INPUT 1 "hold"
    .port_info 3 /INPUT 32 "in"
    .port_info 4 /OUTPUT 32 "out"
P_0x5575aeddf380 .param/l "N" 0 6 38, +C4<00000000000000000000000000100000>;
L_0x7f2b442d9918 .functor BUFT 1, C4<0>, C4<0>, C4<0>, C4<0>;
v0x5575aeddf4d0_0 .net "clear", 0 0, L_0x7f2b442d9918;  1 drivers
v0x5575aeddf5b0_0 .net "clk", 0 0, v0x5575aedb6320_0;  alias, 1 drivers
L_0x7f2b442d9960 .functor BUFT 1, C4<0>, C4<0>, C4<0>, C4<0>;
v0x5575aeddf670_0 .net "hold", 0 0, L_0x7f2b442d9960;  1 drivers
v0x5575aeddf740_0 .net "in", 31 0, L_0x5575aee052f0;  alias, 1 drivers
v0x5575aeddf800_0 .var "out", 31 0;
S_0x5575aeddf9d0 .scope module, "reg_data2_s3" "regr" 3 296, 6 31 0, S_0x5575aedd7900;
 .timescale 0 0;
    .port_info 0 /INPUT 1 "clk"
    .port_info 1 /INPUT 1 "clear"
    .port_info 2 /INPUT 1 "hold"
    .port_info 3 /INPUT 32 "in"
    .port_info 4 /OUTPUT 32 "out"
P_0x5575aeddfba0 .param/l "N" 0 6 38, +C4<00000000000000000000000000100000>;
v0x5575aeddfcf0_0 .net "clear", 0 0, v0x5575aedec920_0;  alias, 1 drivers
v0x5575aeddfdb0_0 .net "clk", 0 0, v0x5575aedb6320_0;  alias, 1 drivers
L_0x7f2b442d9600 .functor BUFT 1, C4<0>, C4<0>, C4<0>, C4<0>;
v0x5575aeddfe70_0 .net "hold", 0 0, L_0x7f2b442d9600;  1 drivers
v0x5575aeddff40_0 .net "in", 31 0, v0x5575aedecce0_0;  1 drivers
v0x5575aede0000_0 .var "out", 31 0;
S_0x5575aede01c0 .scope module, "reg_jaddr_s3" "regr" 3 239, 6 31 0, S_0x5575aedd7900;
 .timescale 0 0;
    .port_info 0 /INPUT 1 "clk"
    .port_info 1 /INPUT 1 "clear"
    .port_info 2 /INPUT 1 "hold"
    .port_info 3 /INPUT 32 "in"
    .port_info 4 /OUTPUT 32 "out"
P_0x5575aede0390 .param/l "N" 0 6 38, +C4<00000000000000000000000000100000>;
v0x5575aede04e0_0 .net "clear", 0 0, v0x5575aedec880_0;  alias, 1 drivers
v0x5575aede05f0_0 .net "clk", 0 0, v0x5575aedb6320_0;  alias, 1 drivers
L_0x7f2b442d92e8 .functor BUFT 1, C4<0>, C4<0>, C4<0>, C4<0>;
v0x5575aede06b0_0 .net "hold", 0 0, L_0x7f2b442d92e8;  1 drivers
v0x5575aede0750_0 .net "in", 31 0, L_0x5575aee007f0;  alias, 1 drivers
v0x5575aede0810_0 .var "out", 31 0;
S_0x5575aede09e0 .scope module, "reg_jaddr_s4" "regr" 3 322, 6 31 0, S_0x5575aedd7900;
 .timescale 0 0;
    .port_info 0 /INPUT 1 "clk"
    .port_info 1 /INPUT 1 "clear"
    .port_info 2 /INPUT 1 "hold"
    .port_info 3 /INPUT 32 "in"
    .port_info 4 /OUTPUT 32 "out"
P_0x5575aede0bb0 .param/l "N" 0 6 38, +C4<00000000000000000000000000100000>;
v0x5575aede0d00_0 .net "clear", 0 0, v0x5575aedec920_0;  alias, 1 drivers
v0x5575aede0dc0_0 .net "clk", 0 0, v0x5575aedb6320_0;  alias, 1 drivers
L_0x7f2b442d9768 .functor BUFT 1, C4<0>, C4<0>, C4<0>, C4<0>;
v0x5575aede0e80_0 .net "hold", 0 0, L_0x7f2b442d9768;  1 drivers
v0x5575aede0f50_0 .net "in", 31 0, v0x5575aede0810_0;  alias, 1 drivers
v0x5575aede1020_0 .var "out", 31 0;
S_0x5575aede1180 .scope module, "reg_jump_s3" "regr" 3 234, 6 31 0, S_0x5575aedd7900;
 .timescale 0 0;
    .port_info 0 /INPUT 1 "clk"
    .port_info 1 /INPUT 1 "clear"
    .port_info 2 /INPUT 1 "hold"
    .port_info 3 /INPUT 1 "in"
    .port_info 4 /OUTPUT 1 "out"
P_0x5575aede1350 .param/l "N" 0 6 38, +C4<00000000000000000000000000000001>;
v0x5575aede14a0_0 .net "clear", 0 0, v0x5575aedec880_0;  alias, 1 drivers
v0x5575aede1560_0 .net "clk", 0 0, v0x5575aedb6320_0;  alias, 1 drivers
L_0x7f2b442d92a0 .functor BUFT 1, C4<0>, C4<0>, C4<0>, C4<0>;
v0x5575aede1620_0 .net "hold", 0 0, L_0x7f2b442d92a0;  1 drivers
v0x5575aede16f0_0 .net "in", 0 0, v0x5575aeddc830_0;  alias, 1 drivers
v0x5575aede17c0_0 .var "out", 0 0;
S_0x5575aede1970 .scope module, "reg_jump_s4" "regr" 3 317, 6 31 0, S_0x5575aedd7900;
 .timescale 0 0;
    .port_info 0 /INPUT 1 "clk"
    .port_info 1 /INPUT 1 "clear"
    .port_info 2 /INPUT 1 "hold"
    .port_info 3 /INPUT 1 "in"
    .port_info 4 /OUTPUT 1 "out"
P_0x5575aede1b40 .param/l "N" 0 6 38, +C4<00000000000000000000000000000001>;
v0x5575aede1c90_0 .net "clear", 0 0, v0x5575aedec920_0;  alias, 1 drivers
v0x5575aede1d50_0 .net "clk", 0 0, v0x5575aedb6320_0;  alias, 1 drivers
L_0x7f2b442d9720 .functor BUFT 1, C4<0>, C4<0>, C4<0>, C4<0>;
v0x5575aede1e10_0 .net "hold", 0 0, L_0x7f2b442d9720;  1 drivers
v0x5575aede1ee0_0 .net "in", 0 0, v0x5575aede17c0_0;  alias, 1 drivers
v0x5575aede1fb0_0 .var "out", 0 0;
S_0x5575aede2160 .scope module, "reg_pc4_s2" "regr" 3 179, 6 31 0, S_0x5575aedd7900;
 .timescale 0 0;
    .port_info 0 /INPUT 1 "clk"
    .port_info 1 /INPUT 1 "clear"
    .port_info 2 /INPUT 1 "hold"
    .port_info 3 /INPUT 32 "in"
    .port_info 4 /OUTPUT 32 "out"
P_0x5575aede2440 .param/l "N" 0 6 38, +C4<00000000000000000000000000100000>;
L_0x7f2b442d9138 .functor BUFT 1, C4<0>, C4<0>, C4<0>, C4<0>;
v0x5575aede2590_0 .net "clear", 0 0, L_0x7f2b442d9138;  1 drivers
v0x5575aede2670_0 .net "clk", 0 0, v0x5575aedb6320_0;  alias, 1 drivers
v0x5575aede2730_0 .net "hold", 0 0, v0x5575aedef370_0;  1 drivers
v0x5575aede2800_0 .net "in", 31 0, v0x5575aede9d70_0;  alias, 1 drivers
v0x5575aede28c0_0 .var "out", 31 0;
S_0x5575aede2a90 .scope module, "reg_rdata_s4" "regr" 3 340, 6 31 0, S_0x5575aedd7900;
 .timescale 0 0;
    .port_info 0 /INPUT 1 "clk"
    .port_info 1 /INPUT 1 "clear"
    .port_info 2 /INPUT 1 "hold"
    .port_info 3 /INPUT 32 "in"
    .port_info 4 /OUTPUT 32 "out"
P_0x5575aede2c60 .param/l "N" 0 6 38, +C4<00000000000000000000000000100000>;
L_0x7f2b442d9888 .functor BUFT 1, C4<0>, C4<0>, C4<0>, C4<0>;
v0x5575aede2db0_0 .net "clear", 0 0, L_0x7f2b442d9888;  1 drivers
v0x5575aede2e90_0 .net "clk", 0 0, v0x5575aedb6320_0;  alias, 1 drivers
L_0x7f2b442d98d0 .functor BUFT 1, C4<0>, C4<0>, C4<0>, C4<0>;
v0x5575aede2f50_0 .net "hold", 0 0, L_0x7f2b442d98d0;  1 drivers
v0x5575aede3020_0 .net "in", 31 0, L_0x5575aee063e0;  alias, 1 drivers
v0x5575aede30f0_0 .var "out", 31 0;
S_0x5575aede32a0 .scope module, "reg_regwrite_s4" "regr" 3 330, 6 31 0, S_0x5575aedd7900;
 .timescale 0 0;
    .port_info 0 /INPUT 1 "clk"
    .port_info 1 /INPUT 1 "clear"
    .port_info 2 /INPUT 1 "hold"
    .port_info 3 /INPUT 2 "in"
    .port_info 4 /OUTPUT 2 "out"
P_0x5575aede3470 .param/l "N" 0 6 38, +C4<00000000000000000000000000000010>;
L_0x7f2b442d97b0 .functor BUFT 1, C4<0>, C4<0>, C4<0>, C4<0>;
v0x5575aede35c0_0 .net "clear", 0 0, L_0x7f2b442d97b0;  1 drivers
v0x5575aede36a0_0 .net "clk", 0 0, v0x5575aedb6320_0;  alias, 1 drivers
L_0x7f2b442d97f8 .functor BUFT 1, C4<0>, C4<0>, C4<0>, C4<0>;
v0x5575aede3760_0 .net "hold", 0 0, L_0x7f2b442d97f8;  1 drivers
v0x5575aede3830_0 .net "in", 1 0, L_0x5575aee05b80;  1 drivers
v0x5575aede38f0_0 .var "out", 1 0;
S_0x5575aede3ac0 .scope module, "reg_s2_control" "regr" 3 218, 6 31 0, S_0x5575aedd7900;
 .timescale 0 0;
    .port_info 0 /INPUT 1 "clk"
    .port_info 1 /INPUT 1 "clear"
    .port_info 2 /INPUT 1 "hold"
    .port_info 3 /INPUT 8 "in"
    .port_info 4 /OUTPUT 8 "out"
P_0x5575aede3c90 .param/l "N" 0 6 38, +C4<00000000000000000000000000001000>;
v0x5575aede3de0_0 .net "clear", 0 0, v0x5575aedef370_0;  alias, 1 drivers
v0x5575aede3ed0_0 .net "clk", 0 0, v0x5575aedb6320_0;  alias, 1 drivers
L_0x7f2b442d91c8 .functor BUFT 1, C4<0>, C4<0>, C4<0>, C4<0>;
v0x5575aede3f70_0 .net "hold", 0 0, L_0x7f2b442d91c8;  1 drivers
v0x5575aede4040_0 .net "in", 7 0, L_0x5575aee01a60;  1 drivers
v0x5575aede4100_0 .var "out", 7 0;
S_0x5575aede42d0 .scope module, "reg_s2_mem" "regr" 3 164, 6 31 0, S_0x5575aedd7900;
 .timescale 0 0;
    .port_info 0 /INPUT 1 "clk"
    .port_info 1 /INPUT 1 "clear"
    .port_info 2 /INPUT 1 "hold"
    .port_info 3 /INPUT 64 "in"
    .port_info 4 /OUTPUT 64 "out"
P_0x5575aede44a0 .param/l "N" 0 6 38, +C4<00000000000000000000000001000000>;
v0x5575aede45f0_0 .net "clear", 0 0, v0x5575aedec880_0;  alias, 1 drivers
v0x5575aede46b0_0 .net "clk", 0 0, v0x5575aedb6320_0;  alias, 1 drivers
v0x5575aede4770_0 .net "hold", 0 0, v0x5575aedef370_0;  alias, 1 drivers
v0x5575aede4840_0 .net "in", 63 0, L_0x5575aee00f80;  1 drivers
v0x5575aede48e0_0 .var "out", 63 0;
S_0x5575aede4ab0 .scope module, "reg_s2_rt_rd" "regr" 3 174, 6 31 0, S_0x5575aedd7900;
 .timescale 0 0;
    .port_info 0 /INPUT 1 "clk"
    .port_info 1 /INPUT 1 "clear"
    .port_info 2 /INPUT 1 "hold"
    .port_info 3 /INPUT 10 "in"
    .port_info 4 /OUTPUT 10 "out"
P_0x5575aede4c80 .param/l "N" 0 6 38, +C4<00000000000000000000000000001010>;
v0x5575aede4da0_0 .net "clear", 0 0, v0x5575aedec880_0;  alias, 1 drivers
v0x5575aede4e60_0 .net "clk", 0 0, v0x5575aedb6320_0;  alias, 1 drivers
v0x5575aede4f20_0 .net "hold", 0 0, v0x5575aedef370_0;  alias, 1 drivers
v0x5575aede4ff0_0 .net "in", 9 0, L_0x5575aee01240;  1 drivers
v0x5575aede5090_0 .var "out", 9 0;
S_0x5575aede5260 .scope module, "reg_s2_seimm" "regr" 3 172, 6 31 0, S_0x5575aedd7900;
 .timescale 0 0;
    .port_info 0 /INPUT 1 "clk"
    .port_info 1 /INPUT 1 "clear"
    .port_info 2 /INPUT 1 "hold"
    .port_info 3 /INPUT 32 "in"
    .port_info 4 /OUTPUT 32 "out"
P_0x5575aede5430 .param/l "N" 0 6 38, +C4<00000000000000000000000000100000>;
v0x5575aede5580_0 .net "clear", 0 0, v0x5575aedec880_0;  alias, 1 drivers
v0x5575aede5640_0 .net "clk", 0 0, v0x5575aedb6320_0;  alias, 1 drivers
v0x5575aede5700_0 .net "hold", 0 0, v0x5575aedef370_0;  alias, 1 drivers
v0x5575aede57d0_0 .net "in", 31 0, L_0x5575aee00d20;  alias, 1 drivers
v0x5575aede5870_0 .var "out", 31 0;
S_0x5575aede59f0 .scope module, "reg_s3" "regr" 3 250, 6 31 0, S_0x5575aedd7900;
 .timescale 0 0;
    .port_info 0 /INPUT 1 "clk"
    .port_info 1 /INPUT 1 "clear"
    .port_info 2 /INPUT 1 "hold"
    .port_info 3 /INPUT 4 "in"
    .port_info 4 /OUTPUT 4 "out"
P_0x5575aede5bc0 .param/l "N" 0 6 38, +C4<00000000000000000000000000000100>;
v0x5575aede5da0_0 .net "clear", 0 0, v0x5575aedec880_0;  alias, 1 drivers
v0x5575aede5e60_0 .net "clk", 0 0, v0x5575aedb6320_0;  alias, 1 drivers
L_0x7f2b442d9330 .functor BUFT 1, C4<0>, C4<0>, C4<0>, C4<0>;
v0x5575aede5f20_0 .net "hold", 0 0, L_0x7f2b442d9330;  1 drivers
v0x5575aede5ff0_0 .net "in", 3 0, L_0x5575aee02b30;  1 drivers
v0x5575aede60b0_0 .var "out", 3 0;
S_0x5575aede6280 .scope module, "reg_wrreg" "regr" 3 304, 6 31 0, S_0x5575aedd7900;
 .timescale 0 0;
    .port_info 0 /INPUT 1 "clk"
    .port_info 1 /INPUT 1 "clear"
    .port_info 2 /INPUT 1 "hold"
    .port_info 3 /INPUT 5 "in"
    .port_info 4 /OUTPUT 5 "out"
P_0x5575aede6450 .param/l "N" 0 6 38, +C4<00000000000000000000000000000101>;
v0x5575aede65a0_0 .net "clear", 0 0, v0x5575aedec920_0;  alias, 1 drivers
v0x5575aede6660_0 .net "clk", 0 0, v0x5575aedb6320_0;  alias, 1 drivers
L_0x7f2b442d9648 .functor BUFT 1, C4<0>, C4<0>, C4<0>, C4<0>;
v0x5575aede6720_0 .net "hold", 0 0, L_0x7f2b442d9648;  1 drivers
v0x5575aede67f0_0 .net "in", 4 0, L_0x5575aee053e0;  alias, 1 drivers
v0x5575aede68b0_0 .var "out", 4 0;
S_0x5575aede6a80 .scope module, "reg_wrreg_s4" "regr" 3 351, 6 31 0, S_0x5575aedd7900;
 .timescale 0 0;
    .port_info 0 /INPUT 1 "clk"
    .port_info 1 /INPUT 1 "clear"
    .port_info 2 /INPUT 1 "hold"
    .port_info 3 /INPUT 5 "in"
    .port_info 4 /OUTPUT 5 "out"
P_0x5575aede6c50 .param/l "N" 0 6 38, +C4<00000000000000000000000000000101>;
L_0x7f2b442d99a8 .functor BUFT 1, C4<0>, C4<0>, C4<0>, C4<0>;
v0x5575aede6da0_0 .net "clear", 0 0, L_0x7f2b442d99a8;  1 drivers
v0x5575aede6e80_0 .net "clk", 0 0, v0x5575aedb6320_0;  alias, 1 drivers
L_0x7f2b442d99f0 .functor BUFT 1, C4<0>, C4<0>, C4<0>, C4<0>;
v0x5575aede6f40_0 .net "hold", 0 0, L_0x7f2b442d99f0;  1 drivers
v0x5575aede7010_0 .net "in", 4 0, v0x5575aede68b0_0;  alias, 1 drivers
v0x5575aede70e0_0 .var "out", 4 0;
S_0x5575aede7290 .scope module, "reg_zero_s3_s4" "regr" 3 278, 6 31 0, S_0x5575aedd7900;
 .timescale 0 0;
    .port_info 0 /INPUT 1 "clk"
    .port_info 1 /INPUT 1 "clear"
    .port_info 2 /INPUT 1 "hold"
    .port_info 3 /INPUT 1 "in"
    .port_info 4 /OUTPUT 1 "out"
P_0x5575aede7460 .param/l "N" 0 6 38, +C4<00000000000000000000000000000001>;
L_0x7f2b442d9528 .functor BUFT 1, C4<0>, C4<0>, C4<0>, C4<0>;
v0x5575aede75b0_0 .net "clear", 0 0, L_0x7f2b442d9528;  1 drivers
v0x5575aede7690_0 .net "clk", 0 0, v0x5575aedb6320_0;  alias, 1 drivers
L_0x7f2b442d9570 .functor BUFT 1, C4<0>, C4<0>, C4<0>, C4<0>;
v0x5575aede7750_0 .net "hold", 0 0, L_0x7f2b442d9570;  1 drivers
v0x5575aede7820_0 .net "in", 0 0, L_0x5575aee03670;  alias, 1 drivers
v0x5575aede78f0_0 .var "out", 0 0;
S_0x5575aede7aa0 .scope module, "regm1" "regm" 3 152, 10 27 0, S_0x5575aedd7900;
 .timescale 0 0;
    .port_info 0 /INPUT 1 "clk"
    .port_info 1 /INPUT 5 "read1"
    .port_info 2 /INPUT 5 "read2"
    .port_info 3 /OUTPUT 32 "data1"
    .port_info 4 /OUTPUT 32 "data2"
    .port_info 5 /INPUT 1 "regwrite"
    .port_info 6 /INPUT 5 "wrreg"
    .port_info 7 /INPUT 32 "wrdata"
P_0x5575aede5c60 .param/l "NMEM" 0 10 35, +C4<00000000000000000000000000010100>;
P_0x5575aede5ca0 .param/str "RM_DATA" 0 10 37, "rm_data.txt";
v0x5575aede8090_0 .var "_data1", 31 0;
v0x5575aede8190_0 .var "_data2", 31 0;
v0x5575aede8270_0 .net "clk", 0 0, v0x5575aedb6320_0;  alias, 1 drivers
v0x5575aede8340_0 .net "data1", 31 0, v0x5575aede8090_0;  alias, 1 drivers
v0x5575aede8400_0 .net "data2", 31 0, v0x5575aede8190_0;  alias, 1 drivers
v0x5575aede8530 .array "mem", 31 0, 31 0;
v0x5575aede89f0_0 .net "read1", 4 0, L_0x5575aee00170;  alias, 1 drivers
v0x5575aede8ad0_0 .net "read2", 4 0, L_0x5575aee00210;  alias, 1 drivers
v0x5575aede8bb0_0 .net "regwrite", 0 0, L_0x5575aee05e50;  alias, 1 drivers
v0x5575aede8c70_0 .net "wrdata", 31 0, L_0x5575aee069d0;  alias, 1 drivers
v0x5575aede8d50_0 .net "wrreg", 4 0, v0x5575aede70e0_0;  alias, 1 drivers
E_0x5575aedde0f0/0 .event edge, v0x5575aede8ad0_0, v0x5575aede70e0_0, v0x5575aede8bb0_0, v0x5575aede8c70_0;
v0x5575aede8530_0 .array/port v0x5575aede8530, 0;
v0x5575aede8530_1 .array/port v0x5575aede8530, 1;
v0x5575aede8530_2 .array/port v0x5575aede8530, 2;
v0x5575aede8530_3 .array/port v0x5575aede8530, 3;
E_0x5575aedde0f0/1 .event edge, v0x5575aede8530_0, v0x5575aede8530_1, v0x5575aede8530_2, v0x5575aede8530_3;
v0x5575aede8530_4 .array/port v0x5575aede8530, 4;
v0x5575aede8530_5 .array/port v0x5575aede8530, 5;
v0x5575aede8530_6 .array/port v0x5575aede8530, 6;
v0x5575aede8530_7 .array/port v0x5575aede8530, 7;
E_0x5575aedde0f0/2 .event edge, v0x5575aede8530_4, v0x5575aede8530_5, v0x5575aede8530_6, v0x5575aede8530_7;
v0x5575aede8530_8 .array/port v0x5575aede8530, 8;
v0x5575aede8530_9 .array/port v0x5575aede8530, 9;
v0x5575aede8530_10 .array/port v0x5575aede8530, 10;
v0x5575aede8530_11 .array/port v0x5575aede8530, 11;
E_0x5575aedde0f0/3 .event edge, v0x5575aede8530_8, v0x5575aede8530_9, v0x5575aede8530_10, v0x5575aede8530_11;
v0x5575aede8530_12 .array/port v0x5575aede8530, 12;
v0x5575aede8530_13 .array/port v0x5575aede8530, 13;
v0x5575aede8530_14 .array/port v0x5575aede8530, 14;
v0x5575aede8530_15 .array/port v0x5575aede8530, 15;
E_0x5575aedde0f0/4 .event edge, v0x5575aede8530_12, v0x5575aede8530_13, v0x5575aede8530_14, v0x5575aede8530_15;
v0x5575aede8530_16 .array/port v0x5575aede8530, 16;
v0x5575aede8530_17 .array/port v0x5575aede8530, 17;
v0x5575aede8530_18 .array/port v0x5575aede8530, 18;
v0x5575aede8530_19 .array/port v0x5575aede8530, 19;
E_0x5575aedde0f0/5 .event edge, v0x5575aede8530_16, v0x5575aede8530_17, v0x5575aede8530_18, v0x5575aede8530_19;
v0x5575aede8530_20 .array/port v0x5575aede8530, 20;
v0x5575aede8530_21 .array/port v0x5575aede8530, 21;
v0x5575aede8530_22 .array/port v0x5575aede8530, 22;
v0x5575aede8530_23 .array/port v0x5575aede8530, 23;
E_0x5575aedde0f0/6 .event edge, v0x5575aede8530_20, v0x5575aede8530_21, v0x5575aede8530_22, v0x5575aede8530_23;
v0x5575aede8530_24 .array/port v0x5575aede8530, 24;
v0x5575aede8530_25 .array/port v0x5575aede8530, 25;
v0x5575aede8530_26 .array/port v0x5575aede8530, 26;
v0x5575aede8530_27 .array/port v0x5575aede8530, 27;
E_0x5575aedde0f0/7 .event edge, v0x5575aede8530_24, v0x5575aede8530_25, v0x5575aede8530_26, v0x5575aede8530_27;
v0x5575aede8530_28 .array/port v0x5575aede8530, 28;
v0x5575aede8530_29 .array/port v0x5575aede8530, 29;
v0x5575aede8530_30 .array/port v0x5575aede8530, 30;
v0x5575aede8530_31 .array/port v0x5575aede8530, 31;
E_0x5575aedde0f0/8 .event edge, v0x5575aede8530_28, v0x5575aede8530_29, v0x5575aede8530_30, v0x5575aede8530_31;
E_0x5575aedde0f0 .event/or E_0x5575aedde0f0/0, E_0x5575aedde0f0/1, E_0x5575aedde0f0/2, E_0x5575aedde0f0/3, E_0x5575aedde0f0/4, E_0x5575aedde0f0/5, E_0x5575aedde0f0/6, E_0x5575aedde0f0/7, E_0x5575aedde0f0/8;
E_0x5575aeddd330/0 .event edge, v0x5575aede89f0_0, v0x5575aede70e0_0, v0x5575aede8bb0_0, v0x5575aede8c70_0;
E_0x5575aeddd330/1 .event edge, v0x5575aede8530_0, v0x5575aede8530_1, v0x5575aede8530_2, v0x5575aede8530_3;
E_0x5575aeddd330/2 .event edge, v0x5575aede8530_4, v0x5575aede8530_5, v0x5575aede8530_6, v0x5575aede8530_7;
E_0x5575aeddd330/3 .event edge, v0x5575aede8530_8, v0x5575aede8530_9, v0x5575aede8530_10, v0x5575aede8530_11;
E_0x5575aeddd330/4 .event edge, v0x5575aede8530_12, v0x5575aede8530_13, v0x5575aede8530_14, v0x5575aede8530_15;
E_0x5575aeddd330/5 .event edge, v0x5575aede8530_16, v0x5575aede8530_17, v0x5575aede8530_18, v0x5575aede8530_19;
E_0x5575aeddd330/6 .event edge, v0x5575aede8530_20, v0x5575aede8530_21, v0x5575aede8530_22, v0x5575aede8530_23;
E_0x5575aeddd330/7 .event edge, v0x5575aede8530_24, v0x5575aede8530_25, v0x5575aede8530_26, v0x5575aede8530_27;
E_0x5575aeddd330/8 .event edge, v0x5575aede8530_28, v0x5575aede8530_29, v0x5575aede8530_30, v0x5575aede8530_31;
E_0x5575aeddd330 .event/or E_0x5575aeddd330/0, E_0x5575aeddd330/1, E_0x5575aeddd330/2, E_0x5575aeddd330/3, E_0x5575aeddd330/4, E_0x5575aeddd330/5, E_0x5575aeddd330/6, E_0x5575aeddd330/7, E_0x5575aeddd330/8;
S_0x5575aede8ef0 .scope module, "regr_im_s2" "regr" 3 123, 6 31 0, S_0x5575aedd7900;
 .timescale 0 0;
    .port_info 0 /INPUT 1 "clk"
    .port_info 1 /INPUT 1 "clear"
    .port_info 2 /INPUT 1 "hold"
    .port_info 3 /INPUT 32 "in"
    .port_info 4 /OUTPUT 32 "out"
P_0x5575aede9070 .param/l "N" 0 6 38, +C4<00000000000000000000000000100000>;
v0x5575aede9280_0 .net "clear", 0 0, v0x5575aedec790_0;  1 drivers
v0x5575aede9360_0 .net "clk", 0 0, v0x5575aedb6320_0;  alias, 1 drivers
v0x5575aede9420_0 .net "hold", 0 0, v0x5575aedef370_0;  alias, 1 drivers
v0x5575aede94f0_0 .net "in", 31 0, L_0x5575aed0fc40;  alias, 1 drivers
v0x5575aede95c0_0 .var "out", 31 0;
S_0x5575aede9750 .scope module, "regr_pc4_s2" "regr" 3 114, 6 31 0, S_0x5575aedd7900;
 .timescale 0 0;
    .port_info 0 /INPUT 1 "clk"
    .port_info 1 /INPUT 1 "clear"
    .port_info 2 /INPUT 1 "hold"
    .port_info 3 /INPUT 32 "in"
    .port_info 4 /OUTPUT 32 "out"
P_0x5575aede9920 .param/l "N" 0 6 38, +C4<00000000000000000000000000100000>;
v0x5575aede9a70_0 .net "clear", 0 0, v0x5575aedec790_0;  alias, 1 drivers
v0x5575aede9b60_0 .net "clk", 0 0, v0x5575aedb6320_0;  alias, 1 drivers
v0x5575aede9c00_0 .net "hold", 0 0, v0x5575aedef370_0;  alias, 1 drivers
v0x5575aede9cd0_0 .net "in", 31 0, L_0x5575aedffb40;  alias, 1 drivers
v0x5575aede9d70_0 .var "out", 31 0;
S_0x5575aede9f30 .scope module, "regr_s2_rs" "regr" 3 159, 6 31 0, S_0x5575aedd7900;
 .timescale 0 0;
    .port_info 0 /INPUT 1 "clk"
    .port_info 1 /INPUT 1 "clear"
    .port_info 2 /INPUT 1 "hold"
    .port_info 3 /INPUT 5 "in"
    .port_info 4 /OUTPUT 5 "out"
P_0x5575aedea100 .param/l "N" 0 6 38, +C4<00000000000000000000000000000101>;
L_0x7f2b442d90f0 .functor BUFT 1, C4<0>, C4<0>, C4<0>, C4<0>;
v0x5575aedea250_0 .net "clear", 0 0, L_0x7f2b442d90f0;  1 drivers
v0x5575aedea330_0 .net "clk", 0 0, v0x5575aedb6320_0;  alias, 1 drivers
v0x5575aedea3f0_0 .net "hold", 0 0, v0x5575aedef370_0;  alias, 1 drivers
v0x5575aedea4c0_0 .net "in", 4 0, L_0x5575aee00170;  alias, 1 drivers
v0x5575aedea590_0 .var "out", 4 0;
    .scope S_0x5575aedbbcf0;
T_0 ;
    %pushi/vec4 1, 0, 1;
    %store/vec4 v0x5575aedb6320_0, 0, 1;
    %end;
    .thread T_0;
    .scope S_0x5575aedbbcf0;
T_1 ;
    %load/vec4 v0x5575aedb6320_0;
    %inv;
    %store/vec4 v0x5575aedac890_0, 0, 1;
    %pushi/vec4 1, 0, 64;
    %ix/vec4 4;
    %delayx 4;
    %load/vec4 v0x5575aedac890_0;
    %store/vec4 v0x5575aedb6320_0, 0, 1;
    %jmp T_1;
    .thread T_1;
    .scope S_0x5575aede9750;
T_2 ;
    %wait E_0x5575aedda550;
    %load/vec4 v0x5575aede9a70_0;
    %flag_set/vec4 8;
    %jmp/0xz  T_2.0, 8;
    %pushi/vec4 0, 0, 32;
    %assign/vec4 v0x5575aede9d70_0, 0;
    %jmp T_2.1;
T_2.0 ;
    %load/vec4 v0x5575aede9c00_0;
    %flag_set/vec4 8;
    %jmp/0xz  T_2.2, 8;
    %load/vec4 v0x5575aede9d70_0;
    %assign/vec4 v0x5575aede9d70_0, 0;
    %jmp T_2.3;
T_2.2 ;
    %load/vec4 v0x5575aede9cd0_0;
    %assign/vec4 v0x5575aede9d70_0, 0;
T_2.3 ;
T_2.1 ;
    %jmp T_2;
    .thread T_2;
    .scope S_0x5575aeddddb0;
T_3 ;
    %vpi_call 9 36 "$readmemh", P_0x5575aedddfc0, v0x5575aedde870, 32'sb00000000000000000000000000000000, 32'sb00000000000000000000000000010011 {0 0 0};
    %end;
    .thread T_3;
    .scope S_0x5575aede8ef0;
T_4 ;
    %wait E_0x5575aedda550;
    %load/vec4 v0x5575aede9280_0;
    %flag_set/vec4 8;
    %jmp/0xz  T_4.0, 8;
    %pushi/vec4 0, 0, 32;
    %assign/vec4 v0x5575aede95c0_0, 0;
    %jmp T_4.1;
T_4.0 ;
    %load/vec4 v0x5575aede9420_0;
    %flag_set/vec4 8;
    %jmp/0xz  T_4.2, 8;
    %load/vec4 v0x5575aede95c0_0;
    %assign/vec4 v0x5575aede95c0_0, 0;
    %jmp T_4.3;
T_4.2 ;
    %load/vec4 v0x5575aede94f0_0;
    %assign/vec4 v0x5575aede95c0_0, 0;
T_4.3 ;
T_4.1 ;
    %jmp T_4;
    .thread T_4;
    .scope S_0x5575aede7aa0;
T_5 ;
    %vpi_call 10 42 "$readmemh", P_0x5575aede5ca0, v0x5575aede8530, 32'sb00000000000000000000000000000000, 32'sb00000000000000000000000000010011 {0 0 0};
    %end;
    .thread T_5;
    .scope S_0x5575aede7aa0;
T_6 ;
    %end;
    .thread T_6;
    .scope S_0x5575aede7aa0;
T_7 ;
    %wait E_0x5575aeddd330;
    %load/vec4 v0x5575aede89f0_0;
    %cmpi/e 0, 0, 5;
    %jmp/0xz  T_7.0, 4;
    %pushi/vec4 0, 0, 32;
    %store/vec4 v0x5575aede8090_0, 0, 32;
    %jmp T_7.1;
T_7.0 ;
    %load/vec4 v0x5575aede89f0_0;
    %load/vec4 v0x5575aede8d50_0;
    %cmp/e;
    %flag_get/vec4 4;
    %load/vec4 v0x5575aede8bb0_0;
    %and;
    %flag_set/vec4 8;
    %jmp/0xz  T_7.2, 8;
    %load/vec4 v0x5575aede8c70_0;
    %store/vec4 v0x5575aede8090_0, 0, 32;
    %jmp T_7.3;
T_7.2 ;
    %load/vec4 v0x5575aede89f0_0;
    %pad/u 7;
    %ix/vec4 4;
    %load/vec4a v0x5575aede8530, 4;
    %store/vec4 v0x5575aede8090_0, 0, 32;
T_7.3 ;
T_7.1 ;
    %jmp T_7;
    .thread T_7, $push;
    .scope S_0x5575aede7aa0;
T_8 ;
    %wait E_0x5575aedde0f0;
    %load/vec4 v0x5575aede8ad0_0;
    %cmpi/e 0, 0, 5;
    %jmp/0xz  T_8.0, 4;
    %pushi/vec4 0, 0, 32;
    %store/vec4 v0x5575aede8190_0, 0, 32;
    %jmp T_8.1;
T_8.0 ;
    %load/vec4 v0x5575aede8ad0_0;
    %load/vec4 v0x5575aede8d50_0;
    %cmp/e;
    %flag_get/vec4 4;
    %load/vec4 v0x5575aede8bb0_0;
    %and;
    %flag_set/vec4 8;
    %jmp/0xz  T_8.2, 8;
    %load/vec4 v0x5575aede8c70_0;
    %store/vec4 v0x5575aede8190_0, 0, 32;
    %jmp T_8.3;
T_8.2 ;
    %load/vec4 v0x5575aede8ad0_0;
    %pad/u 7;
    %ix/vec4 4;
    %load/vec4a v0x5575aede8530, 4;
    %store/vec4 v0x5575aede8190_0, 0, 32;
T_8.3 ;
T_8.1 ;
    %jmp T_8;
    .thread T_8, $push;
    .scope S_0x5575aede7aa0;
T_9 ;
    %wait E_0x5575aedda550;
    %load/vec4 v0x5575aede8bb0_0;
    %load/vec4 v0x5575aede8d50_0;
    %pushi/vec4 0, 0, 5;
    %cmp/e;
    %flag_get/vec4 4;
    %inv;
    %and;
    %flag_set/vec4 8;
    %jmp/0xz  T_9.0, 8;
    %load/vec4 v0x5575aede8c70_0;
    %load/vec4 v0x5575aede8d50_0;
    %pad/u 7;
    %ix/vec4 3;
    %ix/load 4, 0, 0; Constant delay
    %assign/vec4/a/d v0x5575aede8530, 0, 4;
T_9.0 ;
    %jmp T_9;
    .thread T_9;
    .scope S_0x5575aede9f30;
T_10 ;
    %wait E_0x5575aedda550;
    %load/vec4 v0x5575aedea250_0;
    %flag_set/vec4 8;
    %jmp/0xz  T_10.0, 8;
    %pushi/vec4 0, 0, 5;
    %assign/vec4 v0x5575aedea590_0, 0;
    %jmp T_10.1;
T_10.0 ;
    %load/vec4 v0x5575aedea3f0_0;
    %flag_set/vec4 8;
    %jmp/0xz  T_10.2, 8;
    %load/vec4 v0x5575aedea590_0;
    %assign/vec4 v0x5575aedea590_0, 0;
    %jmp T_10.3;
T_10.2 ;
    %load/vec4 v0x5575aedea4c0_0;
    %assign/vec4 v0x5575aedea590_0, 0;
T_10.3 ;
T_10.1 ;
    %jmp T_10;
    .thread T_10;
    .scope S_0x5575aede42d0;
T_11 ;
    %wait E_0x5575aedda550;
    %load/vec4 v0x5575aede45f0_0;
    %flag_set/vec4 8;
    %jmp/0xz  T_11.0, 8;
    %pushi/vec4 0, 0, 64;
    %assign/vec4 v0x5575aede48e0_0, 0;
    %jmp T_11.1;
T_11.0 ;
    %load/vec4 v0x5575aede4770_0;
    %flag_set/vec4 8;
    %jmp/0xz  T_11.2, 8;
    %load/vec4 v0x5575aede48e0_0;
    %assign/vec4 v0x5575aede48e0_0, 0;
    %jmp T_11.3;
T_11.2 ;
    %load/vec4 v0x5575aede4840_0;
    %assign/vec4 v0x5575aede48e0_0, 0;
T_11.3 ;
T_11.1 ;
    %jmp T_11;
    .thread T_11;
    .scope S_0x5575aede5260;
T_12 ;
    %wait E_0x5575aedda550;
    %load/vec4 v0x5575aede5580_0;
    %flag_set/vec4 8;
    %jmp/0xz  T_12.0, 8;
    %pushi/vec4 0, 0, 32;
    %assign/vec4 v0x5575aede5870_0, 0;
    %jmp T_12.1;
T_12.0 ;
    %load/vec4 v0x5575aede5700_0;
    %flag_set/vec4 8;
    %jmp/0xz  T_12.2, 8;
    %load/vec4 v0x5575aede5870_0;
    %assign/vec4 v0x5575aede5870_0, 0;
    %jmp T_12.3;
T_12.2 ;
    %load/vec4 v0x5575aede57d0_0;
    %assign/vec4 v0x5575aede5870_0, 0;
T_12.3 ;
T_12.1 ;
    %jmp T_12;
    .thread T_12;
    .scope S_0x5575aede4ab0;
T_13 ;
    %wait E_0x5575aedda550;
    %load/vec4 v0x5575aede4da0_0;
    %flag_set/vec4 8;
    %jmp/0xz  T_13.0, 8;
    %pushi/vec4 0, 0, 10;
    %assign/vec4 v0x5575aede5090_0, 0;
    %jmp T_13.1;
T_13.0 ;
    %load/vec4 v0x5575aede4f20_0;
    %flag_set/vec4 8;
    %jmp/0xz  T_13.2, 8;
    %load/vec4 v0x5575aede5090_0;
    %assign/vec4 v0x5575aede5090_0, 0;
    %jmp T_13.3;
T_13.2 ;
    %load/vec4 v0x5575aede4ff0_0;
    %assign/vec4 v0x5575aede5090_0, 0;
T_13.3 ;
T_13.1 ;
    %jmp T_13;
    .thread T_13;
    .scope S_0x5575aede2160;
T_14 ;
    %wait E_0x5575aedda550;
    %load/vec4 v0x5575aede2590_0;
    %flag_set/vec4 8;
    %jmp/0xz  T_14.0, 8;
    %pushi/vec4 0, 0, 32;
    %assign/vec4 v0x5575aede28c0_0, 0;
    %jmp T_14.1;
T_14.0 ;
    %load/vec4 v0x5575aede2730_0;
    %flag_set/vec4 8;
    %jmp/0xz  T_14.2, 8;
    %load/vec4 v0x5575aede28c0_0;
    %assign/vec4 v0x5575aede28c0_0, 0;
    %jmp T_14.3;
T_14.2 ;
    %load/vec4 v0x5575aede2800_0;
    %assign/vec4 v0x5575aede28c0_0, 0;
T_14.3 ;
T_14.1 ;
    %jmp T_14;
    .thread T_14;
    .scope S_0x5575aeddc2c0;
T_15 ;
    %wait E_0x5575aeddc490;
    %pushi/vec4 2, 0, 2;
    %assign/vec4 v0x5575aeddc510_0, 0;
    %pushi/vec4 0, 0, 1;
    %assign/vec4 v0x5575aeddc610_0, 0;
    %pushi/vec4 0, 0, 1;
    %assign/vec4 v0x5575aeddc6d0_0, 0;
    %pushi/vec4 0, 0, 1;
    %assign/vec4 v0x5575aeddc770_0, 0;
    %pushi/vec4 0, 0, 1;
    %assign/vec4 v0x5575aeddc940_0, 0;
    %pushi/vec4 0, 0, 1;
    %assign/vec4 v0x5575aeddca00_0, 0;
    %pushi/vec4 0, 0, 1;
    %assign/vec4 v0x5575aeddcac0_0, 0;
    %pushi/vec4 1, 0, 1;
    %assign/vec4 v0x5575aeddccf0_0, 0;
    %pushi/vec4 1, 0, 1;
    %assign/vec4 v0x5575aeddcdb0_0, 0;
    %pushi/vec4 0, 0, 1;
    %assign/vec4 v0x5575aeddc830_0, 0;
    %load/vec4 v0x5575aeddcb80_0;
    %dup/vec4;
    %pushi/vec4 35, 0, 6;
    %cmp/u;
    %jmp/1 T_15.0, 6;
    %dup/vec4;
    %pushi/vec4 8, 0, 6;
    %cmp/u;
    %jmp/1 T_15.1, 6;
    %dup/vec4;
    %pushi/vec4 4, 0, 6;
    %cmp/u;
    %jmp/1 T_15.2, 6;
    %dup/vec4;
    %pushi/vec4 43, 0, 6;
    %cmp/u;
    %jmp/1 T_15.3, 6;
    %dup/vec4;
    %pushi/vec4 5, 0, 6;
    %cmp/u;
    %jmp/1 T_15.4, 6;
    %dup/vec4;
    %pushi/vec4 0, 0, 6;
    %cmp/u;
    %jmp/1 T_15.5, 6;
    %dup/vec4;
    %pushi/vec4 2, 0, 6;
    %cmp/u;
    %jmp/1 T_15.6, 6;
    %jmp T_15.7;
T_15.0 ;
    %pushi/vec4 1, 0, 1;
    %assign/vec4 v0x5575aeddc940_0, 0;
    %pushi/vec4 0, 0, 1;
    %assign/vec4 v0x5575aeddccf0_0, 0;
    %pushi/vec4 1, 0, 1;
    %assign/vec4 v0x5575aeddca00_0, 0;
    %pushi/vec4 0, 0, 1;
    %ix/load 4, 1, 0;
    %ix/load 5, 0, 0;
    %flag_set/imm 4, 0;
    %assign/vec4/off/d v0x5575aeddc510_0, 4, 5;
    %pushi/vec4 1, 0, 1;
    %assign/vec4 v0x5575aeddc610_0, 0;
    %jmp T_15.7;
T_15.1 ;
    %pushi/vec4 0, 0, 1;
    %assign/vec4 v0x5575aeddccf0_0, 0;
    %pushi/vec4 0, 0, 1;
    %ix/load 4, 1, 0;
    %ix/load 5, 0, 0;
    %flag_set/imm 4, 0;
    %assign/vec4/off/d v0x5575aeddc510_0, 4, 5;
    %pushi/vec4 1, 0, 1;
    %assign/vec4 v0x5575aeddc610_0, 0;
    %jmp T_15.7;
T_15.2 ;
    %pushi/vec4 1, 0, 1;
    %ix/load 4, 0, 0;
    %ix/load 5, 0, 0;
    %flag_set/imm 4, 0;
    %assign/vec4/off/d v0x5575aeddc510_0, 4, 5;
    %pushi/vec4 0, 0, 1;
    %ix/load 4, 1, 0;
    %ix/load 5, 0, 0;
    %flag_set/imm 4, 0;
    %assign/vec4/off/d v0x5575aeddc510_0, 4, 5;
    %pushi/vec4 1, 0, 1;
    %assign/vec4 v0x5575aeddc6d0_0, 0;
    %pushi/vec4 0, 0, 1;
    %assign/vec4 v0x5575aeddcdb0_0, 0;
    %jmp T_15.7;
T_15.3 ;
    %pushi/vec4 1, 0, 1;
    %assign/vec4 v0x5575aeddcac0_0, 0;
    %pushi/vec4 0, 0, 1;
    %ix/load 4, 1, 0;
    %ix/load 5, 0, 0;
    %flag_set/imm 4, 0;
    %assign/vec4/off/d v0x5575aeddc510_0, 4, 5;
    %pushi/vec4 1, 0, 1;
    %assign/vec4 v0x5575aeddc610_0, 0;
    %pushi/vec4 0, 0, 1;
    %assign/vec4 v0x5575aeddcdb0_0, 0;
    %jmp T_15.7;
T_15.4 ;
    %pushi/vec4 1, 0, 1;
    %ix/load 4, 0, 0;
    %ix/load 5, 0, 0;
    %flag_set/imm 4, 0;
    %assign/vec4/off/d v0x5575aeddc510_0, 4, 5;
    %pushi/vec4 0, 0, 1;
    %ix/load 4, 1, 0;
    %ix/load 5, 0, 0;
    %flag_set/imm 4, 0;
    %assign/vec4/off/d v0x5575aeddc510_0, 4, 5;
    %pushi/vec4 1, 0, 1;
    %assign/vec4 v0x5575aeddc770_0, 0;
    %pushi/vec4 0, 0, 1;
    %assign/vec4 v0x5575aeddcdb0_0, 0;
    %jmp T_15.7;
T_15.5 ;
    %jmp T_15.7;
T_15.6 ;
    %pushi/vec4 1, 0, 1;
    %assign/vec4 v0x5575aeddc830_0, 0;
    %jmp T_15.7;
T_15.7 ;
    %pop/vec4 1;
    %jmp T_15;
    .thread T_15, $push;
    .scope S_0x5575aede3ac0;
T_16 ;
    %wait E_0x5575aedda550;
    %load/vec4 v0x5575aede3de0_0;
    %flag_set/vec4 8;
    %jmp/0xz  T_16.0, 8;
    %pushi/vec4 0, 0, 8;
    %assign/vec4 v0x5575aede4100_0, 0;
    %jmp T_16.1;
T_16.0 ;
    %load/vec4 v0x5575aede3f70_0;
    %flag_set/vec4 8;
    %jmp/0xz  T_16.2, 8;
    %load/vec4 v0x5575aede4100_0;
    %assign/vec4 v0x5575aede4100_0, 0;
    %jmp T_16.3;
T_16.2 ;
    %load/vec4 v0x5575aede4040_0;
    %assign/vec4 v0x5575aede4100_0, 0;
T_16.3 ;
T_16.1 ;
    %jmp T_16;
    .thread T_16;
    .scope S_0x5575aeddb2d0;
T_17 ;
    %wait E_0x5575aedda550;
    %load/vec4 v0x5575aeddb610_0;
    %flag_set/vec4 8;
    %jmp/0xz  T_17.0, 8;
    %pushi/vec4 0, 0, 2;
    %assign/vec4 v0x5575aeddb930_0, 0;
    %jmp T_17.1;
T_17.0 ;
    %load/vec4 v0x5575aeddb7a0_0;
    %flag_set/vec4 8;
    %jmp/0xz  T_17.2, 8;
    %load/vec4 v0x5575aeddb930_0;
    %assign/vec4 v0x5575aeddb930_0, 0;
    %jmp T_17.3;
T_17.2 ;
    %load/vec4 v0x5575aeddb870_0;
    %assign/vec4 v0x5575aeddb930_0, 0;
T_17.3 ;
T_17.1 ;
    %jmp T_17;
    .thread T_17;
    .scope S_0x5575aedda2e0;
T_18 ;
    %wait E_0x5575aedda550;
    %load/vec4 v0x5575aedda5b0_0;
    %flag_set/vec4 8;
    %jmp/0xz  T_18.0, 8;
    %pushi/vec4 0, 0, 32;
    %assign/vec4 v0x5575aedda8d0_0, 0;
    %jmp T_18.1;
T_18.0 ;
    %load/vec4 v0x5575aedda760_0;
    %flag_set/vec4 8;
    %jmp/0xz  T_18.2, 8;
    %load/vec4 v0x5575aedda8d0_0;
    %assign/vec4 v0x5575aedda8d0_0, 0;
    %jmp T_18.3;
T_18.2 ;
    %load/vec4 v0x5575aedda830_0;
    %assign/vec4 v0x5575aedda8d0_0, 0;
T_18.3 ;
T_18.1 ;
    %jmp T_18;
    .thread T_18;
    .scope S_0x5575aede1180;
T_19 ;
    %wait E_0x5575aedda550;
    %load/vec4 v0x5575aede14a0_0;
    %flag_set/vec4 8;
    %jmp/0xz  T_19.0, 8;
    %pushi/vec4 0, 0, 1;
    %assign/vec4 v0x5575aede17c0_0, 0;
    %jmp T_19.1;
T_19.0 ;
    %load/vec4 v0x5575aede1620_0;
    %flag_set/vec4 8;
    %jmp/0xz  T_19.2, 8;
    %load/vec4 v0x5575aede17c0_0;
    %assign/vec4 v0x5575aede17c0_0, 0;
    %jmp T_19.3;
T_19.2 ;
    %load/vec4 v0x5575aede16f0_0;
    %assign/vec4 v0x5575aede17c0_0, 0;
T_19.3 ;
T_19.1 ;
    %jmp T_19;
    .thread T_19;
    .scope S_0x5575aede01c0;
T_20 ;
    %wait E_0x5575aedda550;
    %load/vec4 v0x5575aede04e0_0;
    %flag_set/vec4 8;
    %jmp/0xz  T_20.0, 8;
    %pushi/vec4 0, 0, 32;
    %assign/vec4 v0x5575aede0810_0, 0;
    %jmp T_20.1;
T_20.0 ;
    %load/vec4 v0x5575aede06b0_0;
    %flag_set/vec4 8;
    %jmp/0xz  T_20.2, 8;
    %load/vec4 v0x5575aede0810_0;
    %assign/vec4 v0x5575aede0810_0, 0;
    %jmp T_20.3;
T_20.2 ;
    %load/vec4 v0x5575aede0750_0;
    %assign/vec4 v0x5575aede0810_0, 0;
T_20.3 ;
T_20.1 ;
    %jmp T_20;
    .thread T_20;
    .scope S_0x5575aede59f0;
T_21 ;
    %wait E_0x5575aedda550;
    %load/vec4 v0x5575aede5da0_0;
    %flag_set/vec4 8;
    %jmp/0xz  T_21.0, 8;
    %pushi/vec4 0, 0, 4;
    %assign/vec4 v0x5575aede60b0_0, 0;
    %jmp T_21.1;
T_21.0 ;
    %load/vec4 v0x5575aede5f20_0;
    %flag_set/vec4 8;
    %jmp/0xz  T_21.2, 8;
    %load/vec4 v0x5575aede60b0_0;
    %assign/vec4 v0x5575aede60b0_0, 0;
    %jmp T_21.3;
T_21.2 ;
    %load/vec4 v0x5575aede5ff0_0;
    %assign/vec4 v0x5575aede60b0_0, 0;
T_21.3 ;
T_21.1 ;
    %jmp T_21;
    .thread T_21;
    .scope S_0x5575aedd9c50;
T_22 ;
    %wait E_0x5575aedd9ec0;
    %load/vec4 v0x5575aedda180_0;
    %parti/s 4, 0, 2;
    %dup/vec4;
    %pushi/vec4 0, 0, 4;
    %cmp/u;
    %jmp/1 T_22.0, 6;
    %dup/vec4;
    %pushi/vec4 2, 0, 4;
    %cmp/u;
    %jmp/1 T_22.1, 6;
    %dup/vec4;
    %pushi/vec4 5, 0, 4;
    %cmp/u;
    %jmp/1 T_22.2, 6;
    %dup/vec4;
    %pushi/vec4 6, 0, 4;
    %cmp/u;
    %jmp/1 T_22.3, 6;
    %dup/vec4;
    %pushi/vec4 7, 0, 4;
    %cmp/u;
    %jmp/1 T_22.4, 6;
    %dup/vec4;
    %pushi/vec4 10, 0, 4;
    %cmp/u;
    %jmp/1 T_22.5, 6;
    %pushi/vec4 0, 0, 4;
    %store/vec4 v0x5575aedd9f20_0, 0, 4;
    %jmp T_22.7;
T_22.0 ;
    %pushi/vec4 2, 0, 4;
    %store/vec4 v0x5575aedd9f20_0, 0, 4;
    %jmp T_22.7;
T_22.1 ;
    %pushi/vec4 6, 0, 4;
    %store/vec4 v0x5575aedd9f20_0, 0, 4;
    %jmp T_22.7;
T_22.2 ;
    %pushi/vec4 1, 0, 4;
    %store/vec4 v0x5575aedd9f20_0, 0, 4;
    %jmp T_22.7;
T_22.3 ;
    %pushi/vec4 13, 0, 4;
    %store/vec4 v0x5575aedd9f20_0, 0, 4;
    %jmp T_22.7;
T_22.4 ;
    %pushi/vec4 12, 0, 4;
    %store/vec4 v0x5575aedd9f20_0, 0, 4;
    %jmp T_22.7;
T_22.5 ;
    %pushi/vec4 7, 0, 4;
    %store/vec4 v0x5575aedd9f20_0, 0, 4;
    %jmp T_22.7;
T_22.7 ;
    %pop/vec4 1;
    %jmp T_22;
    .thread T_22, $push;
    .scope S_0x5575aedd9c50;
T_23 ;
    %wait E_0x5575aedd9e40;
    %load/vec4 v0x5575aedda0e0_0;
    %dup/vec4;
    %pushi/vec4 0, 0, 2;
    %cmp/u;
    %jmp/1 T_23.0, 6;
    %dup/vec4;
    %pushi/vec4 1, 0, 2;
    %cmp/u;
    %jmp/1 T_23.1, 6;
    %dup/vec4;
    %pushi/vec4 2, 0, 2;
    %cmp/u;
    %jmp/1 T_23.2, 6;
    %dup/vec4;
    %pushi/vec4 3, 0, 2;
    %cmp/u;
    %jmp/1 T_23.3, 6;
    %pushi/vec4 0, 0, 4;
    %store/vec4 v0x5575aedda020_0, 0, 4;
    %jmp T_23.5;
T_23.0 ;
    %pushi/vec4 2, 0, 4;
    %store/vec4 v0x5575aedda020_0, 0, 4;
    %jmp T_23.5;
T_23.1 ;
    %pushi/vec4 6, 0, 4;
    %store/vec4 v0x5575aedda020_0, 0, 4;
    %jmp T_23.5;
T_23.2 ;
    %load/vec4 v0x5575aedd9f20_0;
    %store/vec4 v0x5575aedda020_0, 0, 4;
    %jmp T_23.5;
T_23.3 ;
    %pushi/vec4 2, 0, 4;
    %store/vec4 v0x5575aedda020_0, 0, 4;
    %jmp T_23.5;
T_23.5 ;
    %pop/vec4 1;
    %jmp T_23;
    .thread T_23, $push;
    .scope S_0x5575aedd7dd0;
T_24 ;
    %wait E_0x5575aedd7f50;
    %load/vec4 v0x5575aedd9550_0;
    %dup/vec4;
    %pushi/vec4 2, 0, 4;
    %cmp/u;
    %jmp/1 T_24.0, 6;
    %dup/vec4;
    %pushi/vec4 0, 0, 4;
    %cmp/u;
    %jmp/1 T_24.1, 6;
    %dup/vec4;
    %pushi/vec4 12, 0, 4;
    %cmp/u;
    %jmp/1 T_24.2, 6;
    %dup/vec4;
    %pushi/vec4 1, 0, 4;
    %cmp/u;
    %jmp/1 T_24.3, 6;
    %dup/vec4;
    %pushi/vec4 7, 0, 4;
    %cmp/u;
    %jmp/1 T_24.4, 6;
    %dup/vec4;
    %pushi/vec4 6, 0, 4;
    %cmp/u;
    %jmp/1 T_24.5, 6;
    %dup/vec4;
    %pushi/vec4 13, 0, 4;
    %cmp/u;
    %jmp/1 T_24.6, 6;
    %pushi/vec4 0, 0, 32;
    %assign/vec4 v0x5575aedd9870_0, 0;
    %jmp T_24.8;
T_24.0 ;
    %load/vec4 v0x5575aedd9390_0;
    %assign/vec4 v0x5575aedd9870_0, 0;
    %jmp T_24.8;
T_24.1 ;
    %load/vec4 v0x5575aedd92b0_0;
    %load/vec4 v0x5575aedd9470_0;
    %and;
    %assign/vec4 v0x5575aedd9870_0, 0;
    %jmp T_24.8;
T_24.2 ;
    %load/vec4 v0x5575aedd92b0_0;
    %load/vec4 v0x5575aedd9470_0;
    %or;
    %inv;
    %assign/vec4 v0x5575aedd9870_0, 0;
    %jmp T_24.8;
T_24.3 ;
    %load/vec4 v0x5575aedd92b0_0;
    %load/vec4 v0x5575aedd9470_0;
    %or;
    %assign/vec4 v0x5575aedd9870_0, 0;
    %jmp T_24.8;
T_24.4 ;
    %pushi/vec4 0, 0, 31;
    %load/vec4 v0x5575aedd9950_0;
    %concat/vec4; draw_concat_vec4
    %assign/vec4 v0x5575aedd9870_0, 0;
    %jmp T_24.8;
T_24.5 ;
    %load/vec4 v0x5575aedd9a10_0;
    %assign/vec4 v0x5575aedd9870_0, 0;
    %jmp T_24.8;
T_24.6 ;
    %load/vec4 v0x5575aedd92b0_0;
    %load/vec4 v0x5575aedd9470_0;
    %xor;
    %assign/vec4 v0x5575aedd9870_0, 0;
    %jmp T_24.8;
T_24.8 ;
    %pop/vec4 1;
    %jmp T_24;
    .thread T_24, $push;
    .scope S_0x5575aede7290;
T_25 ;
    %wait E_0x5575aedda550;
    %load/vec4 v0x5575aede75b0_0;
    %flag_set/vec4 8;
    %jmp/0xz  T_25.0, 8;
    %pushi/vec4 0, 0, 1;
    %assign/vec4 v0x5575aede78f0_0, 0;
    %jmp T_25.1;
T_25.0 ;
    %load/vec4 v0x5575aede7750_0;
    %flag_set/vec4 8;
    %jmp/0xz  T_25.2, 8;
    %load/vec4 v0x5575aede78f0_0;
    %assign/vec4 v0x5575aede78f0_0, 0;
    %jmp T_25.3;
T_25.2 ;
    %load/vec4 v0x5575aede7820_0;
    %assign/vec4 v0x5575aede78f0_0, 0;
T_25.3 ;
T_25.1 ;
    %jmp T_25;
    .thread T_25;
    .scope S_0x5575aedde9b0;
T_26 ;
    %wait E_0x5575aedda550;
    %load/vec4 v0x5575aeddecd0_0;
    %flag_set/vec4 8;
    %jmp/0xz  T_26.0, 8;
    %pushi/vec4 0, 0, 32;
    %assign/vec4 v0x5575aeddefe0_0, 0;
    %jmp T_26.1;
T_26.0 ;
    %load/vec4 v0x5575aeddee80_0;
    %flag_set/vec4 8;
    %jmp/0xz  T_26.2, 8;
    %load/vec4 v0x5575aeddefe0_0;
    %assign/vec4 v0x5575aeddefe0_0, 0;
    %jmp T_26.3;
T_26.2 ;
    %load/vec4 v0x5575aeddef20_0;
    %assign/vec4 v0x5575aeddefe0_0, 0;
T_26.3 ;
T_26.1 ;
    %jmp T_26;
    .thread T_26;
    .scope S_0x5575aeddf9d0;
T_27 ;
    %wait E_0x5575aedda550;
    %load/vec4 v0x5575aeddfcf0_0;
    %flag_set/vec4 8;
    %jmp/0xz  T_27.0, 8;
    %pushi/vec4 0, 0, 32;
    %assign/vec4 v0x5575aede0000_0, 0;
    %jmp T_27.1;
T_27.0 ;
    %load/vec4 v0x5575aeddfe70_0;
    %flag_set/vec4 8;
    %jmp/0xz  T_27.2, 8;
    %load/vec4 v0x5575aede0000_0;
    %assign/vec4 v0x5575aede0000_0, 0;
    %jmp T_27.3;
T_27.2 ;
    %load/vec4 v0x5575aeddff40_0;
    %assign/vec4 v0x5575aede0000_0, 0;
T_27.3 ;
T_27.1 ;
    %jmp T_27;
    .thread T_27;
    .scope S_0x5575aede6280;
T_28 ;
    %wait E_0x5575aedda550;
    %load/vec4 v0x5575aede65a0_0;
    %flag_set/vec4 8;
    %jmp/0xz  T_28.0, 8;
    %pushi/vec4 0, 0, 5;
    %assign/vec4 v0x5575aede68b0_0, 0;
    %jmp T_28.1;
T_28.0 ;
    %load/vec4 v0x5575aede6720_0;
    %flag_set/vec4 8;
    %jmp/0xz  T_28.2, 8;
    %load/vec4 v0x5575aede68b0_0;
    %assign/vec4 v0x5575aede68b0_0, 0;
    %jmp T_28.3;
T_28.2 ;
    %load/vec4 v0x5575aede67f0_0;
    %assign/vec4 v0x5575aede68b0_0, 0;
T_28.3 ;
T_28.1 ;
    %jmp T_28;
    .thread T_28;
    .scope S_0x5575aeddbb00;
T_29 ;
    %wait E_0x5575aedda550;
    %load/vec4 v0x5575aeddbe20_0;
    %flag_set/vec4 8;
    %jmp/0xz  T_29.0, 8;
    %pushi/vec4 0, 0, 2;
    %assign/vec4 v0x5575aeddc140_0, 0;
    %jmp T_29.1;
T_29.0 ;
    %load/vec4 v0x5575aeddbfb0_0;
    %flag_set/vec4 8;
    %jmp/0xz  T_29.2, 8;
    %load/vec4 v0x5575aeddc140_0;
    %assign/vec4 v0x5575aeddc140_0, 0;
    %jmp T_29.3;
T_29.2 ;
    %load/vec4 v0x5575aeddc080_0;
    %assign/vec4 v0x5575aeddc140_0, 0;
T_29.3 ;
T_29.1 ;
    %jmp T_29;
    .thread T_29;
    .scope S_0x5575aeddaaa0;
T_30 ;
    %wait E_0x5575aedda550;
    %load/vec4 v0x5575aeddadc0_0;
    %flag_set/vec4 8;
    %jmp/0xz  T_30.0, 8;
    %pushi/vec4 0, 0, 32;
    %assign/vec4 v0x5575aeddb120_0, 0;
    %jmp T_30.1;
T_30.0 ;
    %load/vec4 v0x5575aeddafb0_0;
    %flag_set/vec4 8;
    %jmp/0xz  T_30.2, 8;
    %load/vec4 v0x5575aeddb120_0;
    %assign/vec4 v0x5575aeddb120_0, 0;
    %jmp T_30.3;
T_30.2 ;
    %load/vec4 v0x5575aeddb050_0;
    %assign/vec4 v0x5575aeddb120_0, 0;
T_30.3 ;
T_30.1 ;
    %jmp T_30;
    .thread T_30;
    .scope S_0x5575aede1970;
T_31 ;
    %wait E_0x5575aedda550;
    %load/vec4 v0x5575aede1c90_0;
    %flag_set/vec4 8;
    %jmp/0xz  T_31.0, 8;
    %pushi/vec4 0, 0, 1;
    %assign/vec4 v0x5575aede1fb0_0, 0;
    %jmp T_31.1;
T_31.0 ;
    %load/vec4 v0x5575aede1e10_0;
    %flag_set/vec4 8;
    %jmp/0xz  T_31.2, 8;
    %load/vec4 v0x5575aede1fb0_0;
    %assign/vec4 v0x5575aede1fb0_0, 0;
    %jmp T_31.3;
T_31.2 ;
    %load/vec4 v0x5575aede1ee0_0;
    %assign/vec4 v0x5575aede1fb0_0, 0;
T_31.3 ;
T_31.1 ;
    %jmp T_31;
    .thread T_31;
    .scope S_0x5575aede09e0;
T_32 ;
    %wait E_0x5575aedda550;
    %load/vec4 v0x5575aede0d00_0;
    %flag_set/vec4 8;
    %jmp/0xz  T_32.0, 8;
    %pushi/vec4 0, 0, 32;
    %assign/vec4 v0x5575aede1020_0, 0;
    %jmp T_32.1;
T_32.0 ;
    %load/vec4 v0x5575aede0e80_0;
    %flag_set/vec4 8;
    %jmp/0xz  T_32.2, 8;
    %load/vec4 v0x5575aede1020_0;
    %assign/vec4 v0x5575aede1020_0, 0;
    %jmp T_32.3;
T_32.2 ;
    %load/vec4 v0x5575aede0f50_0;
    %assign/vec4 v0x5575aede1020_0, 0;
T_32.3 ;
T_32.1 ;
    %jmp T_32;
    .thread T_32;
    .scope S_0x5575aede32a0;
T_33 ;
    %wait E_0x5575aedda550;
    %load/vec4 v0x5575aede35c0_0;
    %flag_set/vec4 8;
    %jmp/0xz  T_33.0, 8;
    %pushi/vec4 0, 0, 2;
    %assign/vec4 v0x5575aede38f0_0, 0;
    %jmp T_33.1;
T_33.0 ;
    %load/vec4 v0x5575aede3760_0;
    %flag_set/vec4 8;
    %jmp/0xz  T_33.2, 8;
    %load/vec4 v0x5575aede38f0_0;
    %assign/vec4 v0x5575aede38f0_0, 0;
    %jmp T_33.3;
T_33.2 ;
    %load/vec4 v0x5575aede3830_0;
    %assign/vec4 v0x5575aede38f0_0, 0;
T_33.3 ;
T_33.1 ;
    %jmp T_33;
    .thread T_33;
    .scope S_0x5575aeddcfd0;
T_34 ;
    %vpi_call 8 35 "$readmemh", P_0x5575aeddd190, v0x5575aeddd8b0, 32'sb00000000000000000000000000000000, 32'sb00000000000000000000000000010011 {0 0 0};
    %end;
    .thread T_34;
    .scope S_0x5575aeddcfd0;
T_35 ;
    %wait E_0x5575aedda550;
    %load/vec4 v0x5575aedddbf0_0;
    %flag_set/vec4 8;
    %jmp/0xz  T_35.0, 8;
    %load/vec4 v0x5575aedddb10_0;
    %load/vec4 v0x5575aeddd6e0_0;
    %pad/u 9;
    %ix/vec4 3;
    %ix/load 4, 0, 0; Constant delay
    %assign/vec4/a/d v0x5575aeddd8b0, 0, 4;
T_35.0 ;
    %jmp T_35;
    .thread T_35;
    .scope S_0x5575aede2a90;
T_36 ;
    %wait E_0x5575aedda550;
    %load/vec4 v0x5575aede2db0_0;
    %flag_set/vec4 8;
    %jmp/0xz  T_36.0, 8;
    %pushi/vec4 0, 0, 32;
    %assign/vec4 v0x5575aede30f0_0, 0;
    %jmp T_36.1;
T_36.0 ;
    %load/vec4 v0x5575aede2f50_0;
    %flag_set/vec4 8;
    %jmp/0xz  T_36.2, 8;
    %load/vec4 v0x5575aede30f0_0;
    %assign/vec4 v0x5575aede30f0_0, 0;
    %jmp T_36.3;
T_36.2 ;
    %load/vec4 v0x5575aede3020_0;
    %assign/vec4 v0x5575aede30f0_0, 0;
T_36.3 ;
T_36.1 ;
    %jmp T_36;
    .thread T_36;
    .scope S_0x5575aeddf1b0;
T_37 ;
    %wait E_0x5575aedda550;
    %load/vec4 v0x5575aeddf4d0_0;
    %flag_set/vec4 8;
    %jmp/0xz  T_37.0, 8;
    %pushi/vec4 0, 0, 32;
    %assign/vec4 v0x5575aeddf800_0, 0;
    %jmp T_37.1;
T_37.0 ;
    %load/vec4 v0x5575aeddf670_0;
    %flag_set/vec4 8;
    %jmp/0xz  T_37.2, 8;
    %load/vec4 v0x5575aeddf800_0;
    %assign/vec4 v0x5575aeddf800_0, 0;
    %jmp T_37.3;
T_37.2 ;
    %load/vec4 v0x5575aeddf740_0;
    %assign/vec4 v0x5575aeddf800_0, 0;
T_37.3 ;
T_37.1 ;
    %jmp T_37;
    .thread T_37;
    .scope S_0x5575aede6a80;
T_38 ;
    %wait E_0x5575aedda550;
    %load/vec4 v0x5575aede6da0_0;
    %flag_set/vec4 8;
    %jmp/0xz  T_38.0, 8;
    %pushi/vec4 0, 0, 5;
    %assign/vec4 v0x5575aede70e0_0, 0;
    %jmp T_38.1;
T_38.0 ;
    %load/vec4 v0x5575aede6f40_0;
    %flag_set/vec4 8;
    %jmp/0xz  T_38.2, 8;
    %load/vec4 v0x5575aede70e0_0;
    %assign/vec4 v0x5575aede70e0_0, 0;
    %jmp T_38.3;
T_38.2 ;
    %load/vec4 v0x5575aede7010_0;
    %assign/vec4 v0x5575aede70e0_0, 0;
T_38.3 ;
T_38.1 ;
    %jmp T_38;
    .thread T_38;
    .scope S_0x5575aedd7900;
T_39 ;
    %vpi_call 3 44 "$display", "if_pc,    if_instr, id_regrs, id_regrt, ex_alua,  ex_alub,  ex_aluctl, mem_memdata, mem_memread, mem_memwrite, wb_regdata, wb_regwrite" {0 0 0};
    %vpi_call 3 45 "$monitor", "PC=%x %x ||rs=%d rt=%d rd=%d||A=%x B=%x||w=%x Ram=%x R%xW%x||D=%x \012b=%x j=%x||Opcode=%x Func=%x||I=%x R=%x||D=%d alu=%x branch%x j%x||R=%x C=%d \012-------------------------------------------------------------------------------------------------------", v0x5575aededd10_0, v0x5575aedece70_0, v0x5575aedeecd0_0, v0x5575aedeee80_0, v0x5575aedee4f0_0, v0x5575aedecc40_0, v0x5575aedeb760_0, v0x5575aedec680_0, v0x5575aedee6b0_0, v0x5575aeded680_0, v0x5575aededb70_0, v0x5575aedef520_0, v0x5575aedeba90_0, v0x5575aeded200_0, v0x5575aededc40_0, &PV<v0x5575aedecf80_0, 0, 6>, v0x5575aedef100_0, v0x5575aedeb310_0, v0x5575aedef6e0_0, v0x5575aedeb3e0_0, v0x5575aedee450_0, v0x5575aeded4a0_0, v0x5575aedef7d0_0, v0x5575aedec030_0 {0 0 0};
    %end;
    .thread T_39;
    .scope S_0x5575aedd7900;
T_40 ;
    %wait E_0x5575aedc5200;
    %pushi/vec4 0, 0, 1;
    %assign/vec4 v0x5575aedec790_0, 0;
    %pushi/vec4 0, 0, 1;
    %assign/vec4 v0x5575aedec880_0, 0;
    %pushi/vec4 0, 0, 1;
    %assign/vec4 v0x5575aedec920_0, 0;
    %load/vec4 v0x5575aedee450_0;
    %load/vec4 v0x5575aeded4a0_0;
    %or;
    %flag_set/vec4 8;
    %jmp/0xz  T_40.0, 8;
    %pushi/vec4 1, 0, 1;
    %assign/vec4 v0x5575aedec790_0, 0;
    %pushi/vec4 1, 0, 1;
    %assign/vec4 v0x5575aedec880_0, 0;
    %pushi/vec4 1, 0, 1;
    %assign/vec4 v0x5575aedec920_0, 0;
T_40.0 ;
    %jmp T_40;
    .thread T_40, $push;
    .scope S_0x5575aedd7900;
T_41 ;
    %pushi/vec4 1, 0, 6;
    %assign/vec4 v0x5575aedec030_0, 0;
    %end;
    .thread T_41;
    .scope S_0x5575aedd7900;
T_42 ;
    %wait E_0x5575aedda550;
    %load/vec4 v0x5575aedec030_0;
    %addi 1, 0, 6;
    %assign/vec4 v0x5575aedec030_0, 0;
    %jmp T_42;
    .thread T_42;
    .scope S_0x5575aedd7900;
T_43 ;
    %pushi/vec4 0, 0, 32;
    %assign/vec4 v0x5575aededd10_0, 0;
    %end;
    .thread T_43;
    .scope S_0x5575aedd7900;
T_44 ;
    %wait E_0x5575aedda550;
    %load/vec4 v0x5575aedef370_0;
    %flag_set/vec4 8;
    %jmp/0xz  T_44.0, 8;
    %load/vec4 v0x5575aededd10_0;
    %assign/vec4 v0x5575aededd10_0, 0;
    %jmp T_44.1;
T_44.0 ;
    %load/vec4 v0x5575aedee450_0;
    %cmpi/e 1, 0, 1;
    %jmp/0xz  T_44.2, 4;
    %load/vec4 v0x5575aedeba90_0;
    %assign/vec4 v0x5575aededd10_0, 0;
    %jmp T_44.3;
T_44.2 ;
    %load/vec4 v0x5575aeded4a0_0;
    %cmpi/e 1, 0, 1;
    %jmp/0xz  T_44.4, 4;
    %load/vec4 v0x5575aeded200_0;
    %assign/vec4 v0x5575aededd10_0, 0;
    %jmp T_44.5;
T_44.4 ;
    %load/vec4 v0x5575aedee1f0_0;
    %assign/vec4 v0x5575aededd10_0, 0;
T_44.5 ;
T_44.3 ;
T_44.1 ;
    %jmp T_44;
    .thread T_44;
    .scope S_0x5575aedd7900;
T_45 ;
    %wait E_0x5575aed21bb0;
    %load/vec4 v0x5575aedec9c0_0;
    %dup/vec4;
    %pushi/vec4 1, 0, 2;
    %cmp/u;
    %jmp/1 T_45.0, 6;
    %dup/vec4;
    %pushi/vec4 2, 0, 2;
    %cmp/u;
    %jmp/1 T_45.1, 6;
    %load/vec4 v0x5575aedec200_0;
    %store/vec4 v0x5575aedecc40_0, 0, 32;
    %jmp T_45.3;
T_45.0 ;
    %load/vec4 v0x5575aedeb3e0_0;
    %store/vec4 v0x5575aedecc40_0, 0, 32;
    %jmp T_45.3;
T_45.1 ;
    %load/vec4 v0x5575aedef520_0;
    %store/vec4 v0x5575aedecc40_0, 0, 32;
    %jmp T_45.3;
T_45.3 ;
    %pop/vec4 1;
    %jmp T_45;
    .thread T_45, $push;
    .scope S_0x5575aedd7900;
T_46 ;
    %wait E_0x5575aed21e50;
    %load/vec4 v0x5575aedecaa0_0;
    %dup/vec4;
    %pushi/vec4 1, 0, 2;
    %cmp/u;
    %jmp/1 T_46.0, 6;
    %dup/vec4;
    %pushi/vec4 2, 0, 2;
    %cmp/u;
    %jmp/1 T_46.1, 6;
    %load/vec4 v0x5575aedec5c0_0;
    %store/vec4 v0x5575aedecce0_0, 0, 32;
    %jmp T_46.3;
T_46.0 ;
    %load/vec4 v0x5575aedeb3e0_0;
    %store/vec4 v0x5575aedecce0_0, 0, 32;
    %jmp T_46.3;
T_46.1 ;
    %load/vec4 v0x5575aedef520_0;
    %store/vec4 v0x5575aedecce0_0, 0, 32;
    %jmp T_46.3;
T_46.3 ;
    %pop/vec4 1;
    %jmp T_46;
    .thread T_46, $push;
    .scope S_0x5575aedd7900;
T_47 ;
    %wait E_0x5575aed22710;
    %pushi/vec4 1, 0, 1;
    %dup/vec4;
    %load/vec4 v0x5575aedebcc0_0;
    %cmp/u;
    %jmp/1 T_47.0, 6;
    %dup/vec4;
    %load/vec4 v0x5575aedebed0_0;
    %cmp/u;
    %jmp/1 T_47.1, 6;
    %pushi/vec4 0, 0, 1;
    %assign/vec4 v0x5575aedee450_0, 0;
    %jmp T_47.3;
T_47.0 ;
    %load/vec4 v0x5575aedef9d0_0;
    %assign/vec4 v0x5575aedee450_0, 0;
    %jmp T_47.3;
T_47.1 ;
    %load/vec4 v0x5575aedef9d0_0;
    %inv;
    %assign/vec4 v0x5575aedee450_0, 0;
    %jmp T_47.3;
T_47.3 ;
    %pop/vec4 1;
    %jmp T_47;
    .thread T_47, $push;
    .scope S_0x5575aedd7900;
T_48 ;
    %wait E_0x5575aed22430;
    %load/vec4 v0x5575aedeeb60_0;
    %pushi/vec4 1, 0, 1;
    %cmp/e;
    %flag_get/vec4 4;
    %load/vec4 v0x5575aedef6e0_0;
    %load/vec4 v0x5575aedeedc0_0;
    %cmp/e;
    %flag_get/vec4 4;
    %and;
    %flag_set/vec4 8;
    %jmp/0xz  T_48.0, 8;
    %pushi/vec4 1, 0, 2;
    %assign/vec4 v0x5575aedec9c0_0, 0;
    %jmp T_48.1;
T_48.0 ;
    %load/vec4 v0x5575aedeec00_0;
    %pushi/vec4 1, 0, 1;
    %cmp/e;
    %flag_get/vec4 4;
    %load/vec4 v0x5575aedef7d0_0;
    %load/vec4 v0x5575aedeedc0_0;
    %cmp/e;
    %flag_get/vec4 4;
    %and;
    %flag_set/vec4 8;
    %jmp/0xz  T_48.2, 8;
    %pushi/vec4 2, 0, 2;
    %assign/vec4 v0x5575aedec9c0_0, 0;
    %jmp T_48.3;
T_48.2 ;
    %pushi/vec4 0, 0, 2;
    %assign/vec4 v0x5575aedec9c0_0, 0;
T_48.3 ;
T_48.1 ;
    %load/vec4 v0x5575aedeeb60_0;
    %pushi/vec4 1, 0, 1;
    %cmp/e;
    %flag_get/vec4 4;
    %load/vec4 v0x5575aedef6e0_0;
    %load/vec4 v0x5575aedeef50_0;
    %cmp/e;
    %flag_get/vec4 4;
    %and;
    %flag_set/vec4 8;
    %jmp/0xz  T_48.4, 8;
    %pushi/vec4 1, 0, 2;
    %assign/vec4 v0x5575aedecaa0_0, 0;
    %jmp T_48.5;
T_48.4 ;
    %load/vec4 v0x5575aedeec00_0;
    %pushi/vec4 1, 0, 1;
    %cmp/e;
    %flag_get/vec4 4;
    %load/vec4 v0x5575aedef7d0_0;
    %load/vec4 v0x5575aedeef50_0;
    %cmp/e;
    %flag_get/vec4 4;
    %and;
    %flag_set/vec4 8;
    %jmp/0xz  T_48.6, 8;
    %pushi/vec4 2, 0, 2;
    %assign/vec4 v0x5575aedecaa0_0, 0;
    %jmp T_48.7;
T_48.6 ;
    %pushi/vec4 0, 0, 2;
    %assign/vec4 v0x5575aedecaa0_0, 0;
T_48.7 ;
T_48.5 ;
    %jmp T_48;
    .thread T_48, $push;
    .scope S_0x5575aedd7900;
T_49 ;
    %wait E_0x5575aed219b0;
    %load/vec4 v0x5575aeded5e0_0;
    %pushi/vec4 1, 0, 1;
    %cmp/e;
    %flag_get/vec4 4;
    %load/vec4 v0x5575aedeee80_0;
    %load/vec4 v0x5575aedeef50_0;
    %cmp/e;
    %flag_get/vec4 4;
    %load/vec4 v0x5575aedeecd0_0;
    %load/vec4 v0x5575aedeef50_0;
    %cmp/e;
    %flag_get/vec4 4;
    %or;
    %and;
    %flag_set/vec4 8;
    %jmp/0xz  T_49.0, 8;
    %pushi/vec4 1, 0, 1;
    %assign/vec4 v0x5575aedef370_0, 0;
    %jmp T_49.1;
T_49.0 ;
    %pushi/vec4 0, 0, 1;
    %assign/vec4 v0x5575aedef370_0, 0;
T_49.1 ;
    %jmp T_49;
    .thread T_49, $push;
    .scope S_0x5575aedba980;
T_50 ;
    %vpi_call 2 38 "$dumpfile", "test.vcd" {0 0 0};
    %vpi_call 2 39 "$dumpvars", 32'sb00000000000000000000000000000000, S_0x5575aedba980 {0 0 0};
    %delay 20, 0;
    %vpi_call 2 41 "$finish" {0 0 0};
    %end;
    .thread T_50;
# The file index is used to find the file name in the following table.
:file_names 11;
    "N/A";
    "<interactive>";
    "tb.v";
    "cpu.v";
    "./alu.v";
    "./alu_control.v";
    "./regr.v";
    "./control.v";
    "./dm.v";
    "./im.v";
    "./regm.v";
